Log file open, 12/01/20 08:34:50
LogInit: Display: Running engine for game: firtTry
LogPlatformFile: Not using cached read wrapper
LogTaskGraph: Started task graph with 5 named threads and 11 total threads with 3 sets of task threads.
LogStats: Stats thread started at 0.594267
LogD3D11RHI: Loaded GFSDK_Aftermath_Lib.x64.dll
LogICUInternationalization: ICU TimeZone Detection - Raw Offset: +3:00, Platform Override: ''
LogPluginManager: Mounting plugin Paper2D
LogPluginManager: Mounting plugin AISupport
LogPluginManager: Mounting plugin LightPropagationVolume
LogPluginManager: Mounting plugin CameraShakePreviewer
LogPluginManager: Mounting plugin ActorLayerUtilities
LogPluginManager: Mounting plugin AnimationSharing
LogPluginManager: Mounting plugin CLionSourceCodeAccess
LogPluginManager: Mounting plugin CodeLiteSourceCodeAccess
LogPluginManager: Mounting plugin GitSourceControl
LogPluginManager: Mounting plugin KDevelopSourceCodeAccess
LogPluginManager: Mounting plugin NullSourceCodeAccess
LogPluginManager: Mounting plugin PerforceSourceControl
LogPluginManager: Mounting plugin PlasticSourceControl
LogPluginManager: Mounting plugin RiderSourceCodeAccess
LogPluginManager: Mounting plugin SubversionSourceControl
LogPluginManager: Mounting plugin UObjectPlugin
LogPluginManager: Mounting plugin VisualStudioCodeSourceCodeAccess
LogPluginManager: Mounting plugin VisualStudioSourceCodeAccess
LogPluginManager: Mounting plugin XCodeSourceCodeAccess
LogPluginManager: Mounting plugin AssetManagerEditor
LogPluginManager: Mounting plugin CryptoKeys
LogPluginManager: Mounting plugin CurveEditorTools
LogPluginManager: Mounting plugin DataValidation
LogPluginManager: Mounting plugin EditorScriptingUtilities
LogPluginManager: Mounting plugin FacialAnimation
LogPluginManager: Mounting plugin GameplayTagsEditor
LogPluginManager: Mounting plugin GeometryMode
LogPluginManager: Mounting plugin MacGraphicsSwitching
LogPluginManager: Mounting plugin MaterialAnalyzer
LogPluginManager: Mounting plugin MobileLauncherProfileWizard
LogPluginManager: Mounting plugin PluginBrowser
LogPluginManager: Mounting plugin SpeedTreeImporter
LogPluginManager: Mounting plugin DatasmithContent
LogPluginManager: Mounting plugin VariantManagerContent
LogPluginManager: Mounting plugin AlembicImporter
LogPluginManager: Mounting plugin AutomationUtils
LogPluginManager: Mounting plugin BackChannel
LogPluginManager: Mounting plugin ChaosCloth
LogPluginManager: Mounting plugin ChaosClothEditor
LogPluginManager: Mounting plugin ChaosEditor
LogPluginManager: Mounting plugin ChaosNiagara
LogPluginManager: Mounting plugin ChaosSolverPlugin
LogPluginManager: Mounting plugin CharacterAI
LogPluginManager: Mounting plugin GeometryCache
LogPluginManager: Mounting plugin GeometryCollectionPlugin
LogPluginManager: Mounting plugin GeometryProcessing
LogPluginManager: Mounting plugin PlanarCut
LogPluginManager: Mounting plugin PlatformCrypto
LogPluginManager: Mounting plugin ProxyLODPlugin
LogPluginManager: Mounting plugin SkeletalReduction
LogPluginManager: Mounting plugin Niagara
LogPluginManager: Mounting plugin MagicLeap
LogPluginManager: Mounting plugin MagicLeapLightEstimation
LogPluginManager: Mounting plugin MagicLeapMedia
LogPluginManager: Mounting plugin MagicLeapPassableWorld
LogPluginManager: Mounting plugin MLSDK
LogPluginManager: Mounting plugin AndroidMedia
LogPluginManager: Mounting plugin AvfMedia
LogPluginManager: Mounting plugin ImgMedia
LogPluginManager: Mounting plugin MediaCompositing
LogPluginManager: Mounting plugin MediaPlayerEditor
LogPluginManager: Mounting plugin WebMMedia
LogPluginManager: Mounting plugin WmfMedia
LogPluginManager: Mounting plugin MeshPainting
LogPluginManager: Mounting plugin TcpMessaging
LogPluginManager: Mounting plugin UdpMessaging
LogPluginManager: Mounting plugin ActorSequence
LogPluginManager: Mounting plugin LevelSequenceEditor
LogPluginManager: Mounting plugin MatineeToLevelSequence
LogPluginManager: Mounting plugin MovieRenderPipeline
LogPluginManager: Mounting plugin TemplateSequence
LogPluginManager: Mounting plugin NetcodeUnitTest
LogPluginManager: Mounting plugin NUTUnrealEngine4
LogPluginManager: Mounting plugin OnlineSubsystemGooglePlay
LogPluginManager: Mounting plugin OnlineSubsystemIOS
LogPluginManager: Mounting plugin OnlineSubsystem
LogPluginManager: Mounting plugin OnlineSubsystemNull
LogPluginManager: Mounting plugin OnlineSubsystemUtils
LogPluginManager: Mounting plugin LauncherChunkInstaller
LogPluginManager: Mounting plugin AndroidDeviceProfileSelector
LogPluginManager: Mounting plugin AndroidMoviePlayer
LogPluginManager: Mounting plugin AndroidPermission
LogPluginManager: Mounting plugin AppleImageUtils
LogPluginManager: Mounting plugin AppleMoviePlayer
LogPluginManager: Mounting plugin ArchVisCharacter
LogPluginManager: Mounting plugin AssetTags
LogPluginManager: Mounting plugin AudioCapture
LogPluginManager: Mounting plugin CableComponent
LogPluginManager: Mounting plugin CustomMeshComponent
LogPluginManager: Mounting plugin EditableMesh
LogPluginManager: Mounting plugin ExampleDeviceProfileSelector
LogPluginManager: Mounting plugin GoogleCloudMessaging
LogPluginManager: Mounting plugin GooglePAD
LogPluginManager: Mounting plugin IOSDeviceProfileSelector
LogPluginManager: Mounting plugin LinuxDeviceProfileSelector
LogPluginManager: Mounting plugin LocationServicesBPLibrary
LogPluginManager: Mounting plugin MobilePatchingUtils
LogPluginManager: Mounting plugin OculusVR
LogPluginManager: Mounting plugin PhysXVehicles
LogPluginManager: Mounting plugin PostSplashScreen
LogPluginManager: Mounting plugin ProceduralMeshComponent
LogPluginManager: Mounting plugin RuntimePhysXCooking
LogPluginManager: Mounting plugin SignificanceManager
LogPluginManager: Mounting plugin SoundFields
LogPluginManager: Mounting plugin SteamVR
LogPluginManager: Mounting plugin Synthesis
LogPluginManager: Mounting plugin WebMMoviePlayer
LogPluginManager: Mounting plugin WindowsMoviePlayer
LogPluginManager: Mounting plugin ScreenshotTools
LogInit: Using libcurl 7.55.1-DEV
LogInit:  - built for x86_64-pc-win32
LogInit:  - supports SSL with OpenSSL/1.1.1
LogInit:  - supports HTTP deflate (compression) using libz 1.2.8
LogInit:  - other features:
LogInit:      CURL_VERSION_SSL
LogInit:      CURL_VERSION_LIBZ
LogInit:      CURL_VERSION_IPV6
LogInit:      CURL_VERSION_ASYNCHDNS
LogInit:      CURL_VERSION_LARGEFILE
LogInit:      CURL_VERSION_IDN
LogInit:  CurlRequestOptions (configurable via config and command line):
LogInit:  - bVerifyPeer = true  - Libcurl will verify peer certificate
LogInit:  - bUseHttpProxy = false  - Libcurl will NOT use HTTP proxy
LogInit:  - bDontReuseConnections = false  - Libcurl will reuse connections
LogInit:  - MaxHostConnections = 16  - Libcurl will limit the number of connections to a host
LogInit:  - LocalHostAddr = Default
LogInit:  - BufferSize = 65536
LogOnline: OSS: Creating online subsystem instance for: NULL
LogInit: WinSock: version 1.1 (2.2), MaxSocks=32767, MaxUdp=65467
LogOnline: OSS: TryLoadSubsystemAndSetDefault: Loaded subsystem for module [NULL]
LogInit: Build: ++UE4+Release-4.25-CL-13942748
LogInit: Engine Version: 4.25.3-13942748+++UE4+Release-4.25
LogInit: Compatible Engine Version: 4.25.0-13144385+++UE4+Release-4.25
LogInit: Net CL: 13144385
LogInit: OS: Windows 10 (Release 1809) (), CPU: Intel(R) Core(TM) i3-6006U CPU @ 2.00GHz, GPU: Intel(R) HD Graphics 520
LogInit: Compiled (64-bit): Jul 25 2020 02:07:48
LogInit: Compiled with Visual C++: 19.24.28315.00
LogInit: Build Configuration: Development
LogInit: Branch Name: ++UE4+Release-4.25
LogInit: Command Line:  127.0.0.1:17777 -game -PIEVIACONSOLE -Multiprocess "GameUserSettingsINI=E:/Course Work Project/first backup b — копия/first try/firtTry/Saved/Config/Windows/PIEGameUserSettings1.ini" -MultiprocessSaveConfig -MultiprocessOSS -messaging -SessionName="Play in Standalone Game" -windowed -ResX=1280 -ResY=720
LogInit: Base Directory: E:/Programs/EGS/UE_4.25/Engine/Binaries/Win64/
LogInit: Allocator: TBB
LogInit: Installed Engine Build: 1
LogDevObjectVersion: Number of dev versions registered: 26
LogDevObjectVersion:   Dev-Blueprints (B0D832E4-1F89-4F0D-ACCF-7EB736FD4AA2): 10
LogDevObjectVersion:   Dev-Build (E1C64328-A22C-4D53-A36C-8E866417BD8C): 0
LogDevObjectVersion:   Dev-Core (375EC13C-06E4-48FB-B500-84F0262A717E): 4
LogDevObjectVersion:   Dev-Editor (E4B068ED-F494-42E9-A231-DA0B2E46BB41): 38
LogDevObjectVersion:   Dev-Framework (CFFC743F-43B0-4480-9391-14DF171D2073): 37
LogDevObjectVersion:   Dev-Mobile (B02B49B5-BB20-44E9-A304-32B752E40360): 2
LogDevObjectVersion:   Dev-Networking (A4E4105C-59A1-49B5-A7C5-40C4547EDFEE): 0
LogDevObjectVersion:   Dev-Online (39C831C9-5AE6-47DC-9A44-9C173E1C8E7C): 0
LogDevObjectVersion:   Dev-Physics (78F01B33-EBEA-4F98-B9B4-84EACCB95AA2): 4
LogDevObjectVersion:   Dev-Platform (6631380F-2D4D-43E0-8009-CF276956A95A): 0
LogDevObjectVersion:   Dev-Rendering (12F88B9F-8875-4AFC-A67C-D90C383ABD29): 43
LogDevObjectVersion:   Dev-Sequencer (7B5AE74C-D270-4C10-A958-57980B212A5A): 12
LogDevObjectVersion:   Dev-VR (D7296918-1DD6-4BDD-9DE2-64A83CC13884): 3
LogDevObjectVersion:   Dev-LoadTimes (C2A15278-BFE7-4AFE-6C17-90FF531DF755): 1
LogDevObjectVersion:   Private-Geometry (6EACA3D4-40EC-4CC1-B786-8BED09428FC5): 3
LogDevObjectVersion:   Dev-AnimPhys (29E575DD-E0A3-4627-9D10-D276232CDCEA): 17
LogDevObjectVersion:   Dev-Anim (AF43A65D-7FD3-4947-9873-3E8ED9C1BB05): 7
LogDevObjectVersion:   Dev-ReflectionCapture (6B266CEC-1EC7-4B8F-A30B-E4D90942FC07): 1
LogDevObjectVersion:   Dev-Automation (0DF73D61-A23F-47EA-B727-89E90C41499A): 1
LogDevObjectVersion:   FortniteMain (601D1886-AC64-4F84-AA16-D3DE0DEAC7D6): 31
LogDevObjectVersion:   Dev-Enterprise (9DFFBCD6-494F-0158-E221-12823C92A888): 10
LogDevObjectVersion:   Dev-Niagara (F2AED0AC-9AFE-416F-8664-AA7FFA26D6FC): 1
LogDevObjectVersion:   Dev-Destruction (174F1F0B-B4C6-45A5-B13F-2EE8D0FB917D): 10
LogDevObjectVersion:   Dev-Physics-Ext (35F94A83-E258-406C-A318-09F59610247C): 37
LogDevObjectVersion:   Dev-PhysicsMaterial-Chaos (B68FC16E-8B1B-42E2-B453-215C058844FE): 1
LogDevObjectVersion:   Dev-CineCamera (B2E18506-4273-CFC2-A54E-F4BB758BBA07): 1
LogInit: Presizing for max 25165824 objects, including 0 objects not considered by GC, pre-allocating 0 bytes for permanent pool.
LogConfig: Applying CVar settings from Section [/Script/Engine.StreamingSettings] File [E:/Course Work Project/first backup b — копия/first try/firtTry/Saved/Config/Windows/Engine.ini]
LogConfig: Setting CVar [[s.MinBulkDataSizeForAsyncLoading:131072]]
LogConfig: Setting CVar [[s.AsyncLoadingThreadEnabled:0]]
LogConfig: Setting CVar [[s.EventDrivenLoaderEnabled:1]]
LogConfig: Setting CVar [[s.WarnIfTimeLimitExceeded:0]]
LogConfig: Setting CVar [[s.TimeLimitExceededMultiplier:1.5]]
LogConfig: Setting CVar [[s.TimeLimitExceededMinTime:0.005]]
LogConfig: Setting CVar [[s.UseBackgroundLevelStreaming:1]]
LogConfig: Setting CVar [[s.PriorityAsyncLoadingExtraTime:15.0]]
LogConfig: Setting CVar [[s.LevelStreamingActorsUpdateTimeLimit:5.0]]
LogConfig: Setting CVar [[s.PriorityLevelStreamingActorsUpdateExtraTime:5.0]]
LogConfig: Setting CVar [[s.LevelStreamingComponentsRegistrationGranularity:10]]
LogConfig: Setting CVar [[s.UnregisterComponentsTimeLimit:1.0]]
LogConfig: Setting CVar [[s.LevelStreamingComponentsUnregistrationGranularity:5]]
LogConfig: Setting CVar [[s.FlushStreamingOnExit:1]]
LogInit: Object subsystem initialized
LogConfig: Setting CVar [[con.DebugEarlyDefault:1]]
LogConfig: Setting CVar [[r.setres:1280x720]]
[2020.12.01-05.34.52:855][  0]LogConfig: Setting CVar [[con.DebugEarlyDefault:1]]
[2020.12.01-05.34.52:855][  0]LogConfig: Setting CVar [[r.setres:1280x720]]
[2020.12.01-05.34.52:855][  0]LogConfig: Applying CVar settings from Section [/Script/Engine.RendererSettings] File [E:/Course Work Project/first backup b — копия/first try/firtTry/Saved/Config/Windows/Engine.ini]
[2020.12.01-05.34.52:855][  0]LogConfig: Setting CVar [[r.GPUCrashDebugging:0]]
[2020.12.01-05.34.52:855][  0]LogConfig: Applying CVar settings from Section [/Script/Engine.RendererOverrideSettings] File [E:/Course Work Project/first backup b — копия/first try/firtTry/Saved/Config/Windows/Engine.ini]
[2020.12.01-05.34.52:855][  0]LogConfig: Applying CVar settings from Section [/Script/Engine.StreamingSettings] File [E:/Course Work Project/first backup b — копия/first try/firtTry/Saved/Config/Windows/Engine.ini]
[2020.12.01-05.34.52:855][  0]LogConfig: Setting CVar [[s.MinBulkDataSizeForAsyncLoading:131072]]
[2020.12.01-05.34.52:855][  0]LogConfig: Setting CVar [[s.AsyncLoadingThreadEnabled:0]]
[2020.12.01-05.34.52:855][  0]LogConfig: Setting CVar [[s.EventDrivenLoaderEnabled:1]]
[2020.12.01-05.34.52:855][  0]LogConfig: Setting CVar [[s.WarnIfTimeLimitExceeded:0]]
[2020.12.01-05.34.52:855][  0]LogConfig: Setting CVar [[s.TimeLimitExceededMultiplier:1.5]]
[2020.12.01-05.34.52:855][  0]LogConfig: Setting CVar [[s.TimeLimitExceededMinTime:0.005]]
[2020.12.01-05.34.52:855][  0]LogConfig: Setting CVar [[s.UseBackgroundLevelStreaming:1]]
[2020.12.01-05.34.52:855][  0]LogConfig: Setting CVar [[s.PriorityAsyncLoadingExtraTime:15.0]]
[2020.12.01-05.34.52:855][  0]LogConfig: Setting CVar [[s.LevelStreamingActorsUpdateTimeLimit:5.0]]
[2020.12.01-05.34.52:856][  0]LogConfig: Setting CVar [[s.PriorityLevelStreamingActorsUpdateExtraTime:5.0]]
[2020.12.01-05.34.52:856][  0]LogConfig: Setting CVar [[s.LevelStreamingComponentsRegistrationGranularity:10]]
[2020.12.01-05.34.52:856][  0]LogConfig: Setting CVar [[s.UnregisterComponentsTimeLimit:1.0]]
[2020.12.01-05.34.52:856][  0]LogConfig: Setting CVar [[s.LevelStreamingComponentsUnregistrationGranularity:5]]
[2020.12.01-05.34.52:856][  0]LogConfig: Setting CVar [[s.FlushStreamingOnExit:1]]
[2020.12.01-05.34.52:856][  0]LogConfig: Applying CVar settings from Section [/Script/Engine.GarbageCollectionSettings] File [E:/Course Work Project/first backup b — копия/first try/firtTry/Saved/Config/Windows/Engine.ini]
[2020.12.01-05.34.52:856][  0]LogConfig: Setting CVar [[gc.MaxObjectsNotConsideredByGC:1]]
[2020.12.01-05.34.52:856][  0]LogConfig: Setting CVar [[gc.SizeOfPermanentObjectPool:0]]
[2020.12.01-05.34.52:856][  0]LogConfig: Setting CVar [[gc.FlushStreamingOnGC:0]]
[2020.12.01-05.34.52:856][  0]LogConfig: Setting CVar [[gc.NumRetriesBeforeForcingGC:10]]
[2020.12.01-05.34.52:856][  0]LogConfig: Setting CVar [[gc.AllowParallelGC:1]]
[2020.12.01-05.34.52:856][  0]LogConfig: Setting CVar [[gc.TimeBetweenPurgingPendingKillObjects:61.1]]
[2020.12.01-05.34.52:856][  0]LogConfig: Setting CVar [[gc.MaxObjectsInEditor:25165824]]
[2020.12.01-05.34.52:856][  0]LogConfig: Setting CVar [[gc.IncrementalBeginDestroyEnabled:1]]
[2020.12.01-05.34.52:856][  0]LogConfig: Setting CVar [[gc.CreateGCClusters:1]]
[2020.12.01-05.34.52:856][  0]LogConfig: Setting CVar [[gc.MinGCClusterSize:5]]
[2020.12.01-05.34.52:856][  0]LogConfig: Setting CVar [[gc.ActorClusteringEnabled:0]]
[2020.12.01-05.34.52:856][  0]LogConfig: Setting CVar [[gc.BlueprintClusteringEnabled:0]]
[2020.12.01-05.34.52:857][  0]LogConfig: Setting CVar [[gc.UseDisregardForGCOnDedicatedServers:0]]
[2020.12.01-05.34.52:857][  0]LogConfig: Applying CVar settings from Section [/Script/Engine.NetworkSettings] File [E:/Course Work Project/first backup b — копия/first try/firtTry/Saved/Config/Windows/Engine.ini]
[2020.12.01-05.34.52:857][  0]LogConfig: Applying CVar settings from Section [/Script/UnrealEd.CookerSettings] File [E:/Course Work Project/first backup b — копия/first try/firtTry/Saved/Config/Windows/Engine.ini]
[2020.12.01-05.34.52:874][  0]LogConfig: Applying CVar settings from Section [ViewDistanceQuality@3] File [E:/Course Work Project/first backup b — копия/first try/firtTry/Saved/Config/Windows/Scalability.ini]
[2020.12.01-05.34.52:874][  0]LogConfig: Setting CVar [[r.SkeletalMeshLODBias:0]]
[2020.12.01-05.34.52:874][  0]LogConfig: Setting CVar [[r.ViewDistanceScale:1.0]]
[2020.12.01-05.34.52:874][  0]LogConfig: Applying CVar settings from Section [AntiAliasingQuality@3] File [E:/Course Work Project/first backup b — копия/first try/firtTry/Saved/Config/Windows/Scalability.ini]
[2020.12.01-05.34.52:874][  0]LogConfig: Setting CVar [[r.PostProcessAAQuality:4]]
[2020.12.01-05.34.52:874][  0]LogConfig: Applying CVar settings from Section [ShadowQuality@3] File [E:/Course Work Project/first backup b — копия/first try/firtTry/Saved/Config/Windows/Scalability.ini]
[2020.12.01-05.34.52:874][  0]LogConfig: Setting CVar [[r.LightFunctionQuality:1]]
[2020.12.01-05.34.52:874][  0]LogConfig: Setting CVar [[r.ShadowQuality:5]]
[2020.12.01-05.34.52:874][  0]LogConfig: Setting CVar [[r.Shadow.CSM.MaxCascades:10]]
[2020.12.01-05.34.52:874][  0]LogConfig: Setting CVar [[r.Shadow.MaxResolution:2048]]
[2020.12.01-05.34.52:875][  0]LogConfig: Setting CVar [[r.Shadow.MaxCSMResolution:2048]]
[2020.12.01-05.34.52:875][  0]LogConfig: Setting CVar [[r.Shadow.RadiusThreshold:0.01]]
[2020.12.01-05.34.52:875][  0]LogConfig: Setting CVar [[r.Shadow.DistanceScale:1.0]]
[2020.12.01-05.34.52:875][  0]LogConfig: Setting CVar [[r.Shadow.CSM.TransitionScale:1.0]]
[2020.12.01-05.34.52:875][  0]LogConfig: Setting CVar [[r.Shadow.PreShadowResolutionFactor:1.0]]
[2020.12.01-05.34.52:875][  0]LogConfig: Setting CVar [[r.DistanceFieldShadowing:1]]
[2020.12.01-05.34.52:875][  0]LogConfig: Setting CVar [[r.DistanceFieldAO:1]]
[2020.12.01-05.34.52:875][  0]LogConfig: Setting CVar [[r.AOQuality:2]]
[2020.12.01-05.34.52:875][  0]LogConfig: Setting CVar [[r.VolumetricFog:1]]
[2020.12.01-05.34.52:875][  0]LogConfig: Setting CVar [[r.VolumetricFog.GridPixelSize:8]]
[2020.12.01-05.34.52:875][  0]LogConfig: Setting CVar [[r.VolumetricFog.GridSizeZ:128]]
[2020.12.01-05.34.52:875][  0]LogConfig: Setting CVar [[r.VolumetricFog.HistoryMissSupersampleCount:4]]
[2020.12.01-05.34.52:875][  0]LogConfig: Setting CVar [[r.LightMaxDrawDistanceScale:1]]
[2020.12.01-05.34.52:875][  0]LogConfig: Setting CVar [[r.CapsuleShadows:1]]
[2020.12.01-05.34.52:875][  0]LogConfig: Applying CVar settings from Section [PostProcessQuality@3] File [E:/Course Work Project/first backup b — копия/first try/firtTry/Saved/Config/Windows/Scalability.ini]
[2020.12.01-05.34.52:875][  0]LogConfig: Setting CVar [[r.MotionBlurQuality:4]]
[2020.12.01-05.34.52:875][  0]LogConfig: Setting CVar [[r.AmbientOcclusionMipLevelFactor:0.4]]
[2020.12.01-05.34.52:875][  0]LogConfig: Setting CVar [[r.AmbientOcclusionMaxQuality:100]]
[2020.12.01-05.34.52:875][  0]LogConfig: Setting CVar [[r.AmbientOcclusionLevels:-1]]
[2020.12.01-05.34.52:875][  0]LogConfig: Setting CVar [[r.AmbientOcclusionRadiusScale:1.0]]
[2020.12.01-05.34.52:875][  0]LogConfig: Setting CVar [[r.DepthOfFieldQuality:2]]
[2020.12.01-05.34.52:875][  0]LogConfig: Setting CVar [[r.RenderTargetPoolMin:400]]
[2020.12.01-05.34.52:875][  0]LogConfig: Setting CVar [[r.LensFlareQuality:2]]
[2020.12.01-05.34.52:875][  0]LogConfig: Setting CVar [[r.SceneColorFringeQuality:1]]
[2020.12.01-05.34.52:875][  0]LogConfig: Setting CVar [[r.EyeAdaptationQuality:2]]
[2020.12.01-05.34.52:876][  0]LogConfig: Setting CVar [[r.BloomQuality:5]]
[2020.12.01-05.34.52:876][  0]LogConfig: Setting CVar [[r.FastBlurThreshold:100]]
[2020.12.01-05.34.52:876][  0]LogConfig: Setting CVar [[r.Upscale.Quality:3]]
[2020.12.01-05.34.52:876][  0]LogConfig: Setting CVar [[r.Tonemapper.GrainQuantization:1]]
[2020.12.01-05.34.52:876][  0]LogConfig: Setting CVar [[r.LightShaftQuality:1]]
[2020.12.01-05.34.52:876][  0]LogConfig: Setting CVar [[r.Filter.SizeScale:1]]
[2020.12.01-05.34.52:876][  0]LogConfig: Setting CVar [[r.Tonemapper.Quality:5]]
[2020.12.01-05.34.52:876][  0]LogConfig: Setting CVar [[r.DOF.Gather.AccumulatorQuality:1        ; higher gathering accumulator quality]]
[2020.12.01-05.34.52:876][  0]LogConfig: Setting CVar [[r.DOF.Gather.PostfilterMethod:1          ; Median3x3 postfilering method]]
[2020.12.01-05.34.52:876][  0]LogConfig: Setting CVar [[r.DOF.Gather.EnableBokehSettings:0       ; no bokeh simulation when gathering]]
[2020.12.01-05.34.52:876][  0]LogConfig: Setting CVar [[r.DOF.Gather.RingCount:4                 ; medium number of samples when gathering]]
[2020.12.01-05.34.52:876][  0]LogConfig: Setting CVar [[r.DOF.Scatter.ForegroundCompositing:1    ; additive foreground scattering]]
[2020.12.01-05.34.52:876][  0]LogConfig: Setting CVar [[r.DOF.Scatter.BackgroundCompositing:2    ; additive background scattering]]
[2020.12.01-05.34.52:876][  0]LogConfig: Setting CVar [[r.DOF.Scatter.EnableBokehSettings:1      ; bokeh simulation when scattering]]
[2020.12.01-05.34.52:876][  0]LogConfig: Setting CVar [[r.DOF.Scatter.MaxSpriteRatio:0.1         ; only a maximum of 10% of scattered bokeh]]
[2020.12.01-05.34.52:876][  0]LogConfig: Setting CVar [[r.DOF.Recombine.Quality:1                ; cheap slight out of focus]]
[2020.12.01-05.34.52:876][  0]LogConfig: Setting CVar [[r.DOF.Recombine.EnableBokehSettings:0    ; no bokeh simulation on slight out of focus]]
[2020.12.01-05.34.52:876][  0]LogConfig: Setting CVar [[r.DOF.TemporalAAQuality:1                ; more stable temporal accumulation]]
[2020.12.01-05.34.52:876][  0]LogConfig: Setting CVar [[r.DOF.Kernel.MaxForegroundRadius:0.025]]
[2020.12.01-05.34.52:876][  0]LogConfig: Setting CVar [[r.DOF.Kernel.MaxBackgroundRadius:0.025]]
[2020.12.01-05.34.52:876][  0]LogConfig: Applying CVar settings from Section [TextureQuality@3] File [E:/Course Work Project/first backup b — копия/first try/firtTry/Saved/Config/Windows/Scalability.ini]
[2020.12.01-05.34.52:876][  0]LogConfig: Setting CVar [[r.Streaming.MipBias:0]]
[2020.12.01-05.34.52:876][  0]LogConfig: Setting CVar [[r.Streaming.AmortizeCPUToGPUCopy:0]]
[2020.12.01-05.34.52:876][  0]LogConfig: Setting CVar [[r.Streaming.MaxNumTexturesToStreamPerFrame:0]]
[2020.12.01-05.34.52:876][  0]LogConfig: Setting CVar [[r.Streaming.Boost:1]]
[2020.12.01-05.34.52:876][  0]LogConfig: Setting CVar [[r.MaxAnisotropy:8]]
[2020.12.01-05.34.52:877][  0]LogConfig: Setting CVar [[r.VT.MaxAnisotropy:8]]
[2020.12.01-05.34.52:877][  0]LogConfig: Setting CVar [[r.Streaming.LimitPoolSizeToVRAM:0]]
[2020.12.01-05.34.52:877][  0]LogConfig: Setting CVar [[r.Streaming.PoolSize:1000]]
[2020.12.01-05.34.52:877][  0]LogConfig: Setting CVar [[r.Streaming.MaxEffectiveScreenSize:0]]
[2020.12.01-05.34.52:877][  0]LogConfig: Applying CVar settings from Section [EffectsQuality@3] File [E:/Course Work Project/first backup b — копия/first try/firtTry/Saved/Config/Windows/Scalability.ini]
[2020.12.01-05.34.52:877][  0]LogConfig: Setting CVar [[r.TranslucencyLightingVolumeDim:64]]
[2020.12.01-05.34.52:877][  0]LogConfig: Setting CVar [[r.RefractionQuality:2]]
[2020.12.01-05.34.52:877][  0]LogConfig: Setting CVar [[r.SSR.Quality:3]]
[2020.12.01-05.34.52:877][  0]LogConfig: Setting CVar [[r.SSR.HalfResSceneColor:0]]
[2020.12.01-05.34.52:877][  0]LogConfig: Setting CVar [[r.SceneColorFormat:4]]
[2020.12.01-05.34.52:877][  0]LogConfig: Setting CVar [[r.DetailMode:2]]
[2020.12.01-05.34.52:877][  0]LogConfig: Setting CVar [[r.TranslucencyVolumeBlur:1]]
[2020.12.01-05.34.52:877][  0]LogConfig: Setting CVar [[r.MaterialQualityLevel:1 ; High quality]]
[2020.12.01-05.34.52:877][  0]LogConfig: Setting CVar [[r.SSS.Scale:1]]
[2020.12.01-05.34.52:877][  0]LogConfig: Setting CVar [[r.SSS.SampleSet:2]]
[2020.12.01-05.34.52:877][  0]LogConfig: Setting CVar [[r.SSS.Quality:1]]
[2020.12.01-05.34.52:877][  0]LogConfig: Setting CVar [[r.SSS.HalfRes:0]]
[2020.12.01-05.34.52:877][  0]LogConfig: Setting CVar [[r.SSGI.Quality:3]]
[2020.12.01-05.34.52:877][  0]LogConfig: Setting CVar [[r.EmitterSpawnRateScale:1.0]]
[2020.12.01-05.34.52:877][  0]LogConfig: Setting CVar [[r.ParticleLightQuality:2]]
[2020.12.01-05.34.52:877][  0]LogConfig: Setting CVar [[r.SkyAtmosphere.AerialPerspectiveLUT.FastApplyOnOpaque:1 ; Always have FastSkyLUT 1 in this case to avoid wrong sky]]
[2020.12.01-05.34.52:877][  0]LogConfig: Setting CVar [[r.SkyAtmosphere.AerialPerspectiveLUT.SampleCountPerSlice:1]]
[2020.12.01-05.34.52:877][  0]LogConfig: Setting CVar [[r.SkyAtmosphere.AerialPerspectiveLUT.DepthResolution:16.0]]
[2020.12.01-05.34.52:877][  0]LogConfig: Setting CVar [[r.SkyAtmosphere.FastSkyLUT:1]]
[2020.12.01-05.34.52:877][  0]LogConfig: Setting CVar [[r.SkyAtmosphere.FastSkyLUT.SampleCountMin:4.0]]
[2020.12.01-05.34.52:877][  0]LogConfig: Setting CVar [[r.SkyAtmosphere.FastSkyLUT.SampleCountMax:32.0]]
[2020.12.01-05.34.52:878][  0]LogConfig: Setting CVar [[r.SkyAtmosphere.SampleCountMin:4.0]]
[2020.12.01-05.34.52:878][  0]LogConfig: Setting CVar [[r.SkyAtmosphere.SampleCountMax:32.0]]
[2020.12.01-05.34.52:878][  0]LogConfig: Setting CVar [[r.SkyAtmosphere.TransmittanceLUT.UseSmallFormat:0]]
[2020.12.01-05.34.52:878][  0]LogConfig: Setting CVar [[r.SkyAtmosphere.TransmittanceLUT.SampleCount:10.0]]
[2020.12.01-05.34.52:878][  0]LogConfig: Setting CVar [[r.SkyAtmosphere.MultiScatteringLUT.SampleCount:15.0]]
[2020.12.01-05.34.52:878][  0]LogConfig: Applying CVar settings from Section [FoliageQuality@3] File [E:/Course Work Project/first backup b — копия/first try/firtTry/Saved/Config/Windows/Scalability.ini]
[2020.12.01-05.34.52:878][  0]LogConfig: Setting CVar [[foliage.DensityScale:1.0]]
[2020.12.01-05.34.52:878][  0]LogConfig: Setting CVar [[grass.DensityScale:1.0]]
[2020.12.01-05.34.52:878][  0]LogConfig: Applying CVar settings from Section [ShadingQuality@3] File [E:/Course Work Project/first backup b — копия/first try/firtTry/Saved/Config/Windows/Scalability.ini]
[2020.12.01-05.34.52:878][  0]LogConfig: Setting CVar [[r.HairStrands.SkyLighting.SampleCount:16]]
[2020.12.01-05.34.52:878][  0]LogConfig: Setting CVar [[r.HairStrands.SkyLighting.JitterIntegration:0]]
[2020.12.01-05.34.52:878][  0]LogConfig: Setting CVar [[r.HairStrands.SkyAO.SampleCount:16]]
[2020.12.01-05.34.52:878][  0]LogConfig: Setting CVar [[r.HairStrands.DeepShadow.SuperSampling:0]]
[2020.12.01-05.34.52:878][  0]LogConfig: Setting CVar [[r.HairStrands.VisibilityPPLL:0]]
[2020.12.01-05.34.52:878][  0]LogConfig: Setting CVar [[r.HairStrands.RasterizationScale:0.5]]
[2020.12.01-05.34.52:878][  0]LogConfig: Setting CVar [[r.HairStrands.VelocityRasterizationScale:1]]
[2020.12.01-05.34.52:878][  0]LogInit: Selected Device Profile: [Windows]
[2020.12.01-05.34.52:878][  0]LogInit: Applying CVar settings loaded from the selected device profile: [Windows]
[2020.12.01-05.34.52:879][  0]LogHAL: Display: Platform has ~ 4 GB [4162691072 / 4294967296 / 4], which maps to Smallest [LargestMinGB=32, LargerMinGB=12, DefaultMinGB=8, SmallerMinGB=6, SmallestMinGB=0)
[2020.12.01-05.34.52:879][  0]LogInit: Going up to parent DeviceProfile []
[2020.12.01-05.34.52:879][  0]LogConfig: Applying CVar settings from Section [ViewDistanceQuality@3] File [E:/Course Work Project/first backup b — копия/first try/firtTry/Saved/Config/Windows/Scalability.ini]
[2020.12.01-05.34.52:879][  0]LogConfig: Setting CVar [[r.SkeletalMeshLODBias:0]]
[2020.12.01-05.34.52:879][  0]LogConfig: Setting CVar [[r.ViewDistanceScale:1.0]]
[2020.12.01-05.34.52:879][  0]LogConfig: Applying CVar settings from Section [AntiAliasingQuality@3] File [E:/Course Work Project/first backup b — копия/first try/firtTry/Saved/Config/Windows/Scalability.ini]
[2020.12.01-05.34.52:879][  0]LogConfig: Setting CVar [[r.PostProcessAAQuality:4]]
[2020.12.01-05.34.52:879][  0]LogConfig: Applying CVar settings from Section [ShadowQuality@3] File [E:/Course Work Project/first backup b — копия/first try/firtTry/Saved/Config/Windows/Scalability.ini]
[2020.12.01-05.34.52:879][  0]LogConfig: Setting CVar [[r.LightFunctionQuality:1]]
[2020.12.01-05.34.52:879][  0]LogConfig: Setting CVar [[r.ShadowQuality:5]]
[2020.12.01-05.34.52:879][  0]LogConfig: Setting CVar [[r.Shadow.CSM.MaxCascades:10]]
[2020.12.01-05.34.52:879][  0]LogConfig: Setting CVar [[r.Shadow.MaxResolution:2048]]
[2020.12.01-05.34.52:879][  0]LogConfig: Setting CVar [[r.Shadow.MaxCSMResolution:2048]]
[2020.12.01-05.34.52:879][  0]LogConfig: Setting CVar [[r.Shadow.RadiusThreshold:0.01]]
[2020.12.01-05.34.52:879][  0]LogConfig: Setting CVar [[r.Shadow.DistanceScale:1.0]]
[2020.12.01-05.34.52:879][  0]LogConfig: Setting CVar [[r.Shadow.CSM.TransitionScale:1.0]]
[2020.12.01-05.34.52:879][  0]LogConfig: Setting CVar [[r.Shadow.PreShadowResolutionFactor:1.0]]
[2020.12.01-05.34.52:879][  0]LogConfig: Setting CVar [[r.DistanceFieldShadowing:1]]
[2020.12.01-05.34.52:879][  0]LogConfig: Setting CVar [[r.DistanceFieldAO:1]]
[2020.12.01-05.34.52:879][  0]LogConfig: Setting CVar [[r.AOQuality:2]]
[2020.12.01-05.34.52:879][  0]LogConfig: Setting CVar [[r.VolumetricFog:1]]
[2020.12.01-05.34.52:879][  0]LogConfig: Setting CVar [[r.VolumetricFog.GridPixelSize:8]]
[2020.12.01-05.34.52:879][  0]LogConfig: Setting CVar [[r.VolumetricFog.GridSizeZ:128]]
[2020.12.01-05.34.52:879][  0]LogConfig: Setting CVar [[r.VolumetricFog.HistoryMissSupersampleCount:4]]
[2020.12.01-05.34.52:879][  0]LogConfig: Setting CVar [[r.LightMaxDrawDistanceScale:1]]
[2020.12.01-05.34.52:879][  0]LogConfig: Setting CVar [[r.CapsuleShadows:1]]
[2020.12.01-05.34.52:879][  0]LogConfig: Applying CVar settings from Section [PostProcessQuality@3] File [E:/Course Work Project/first backup b — копия/first try/firtTry/Saved/Config/Windows/Scalability.ini]
[2020.12.01-05.34.52:879][  0]LogConfig: Setting CVar [[r.MotionBlurQuality:4]]
[2020.12.01-05.34.52:879][  0]LogConfig: Setting CVar [[r.AmbientOcclusionMipLevelFactor:0.4]]
[2020.12.01-05.34.52:879][  0]LogConfig: Setting CVar [[r.AmbientOcclusionMaxQuality:100]]
[2020.12.01-05.34.52:879][  0]LogConfig: Setting CVar [[r.AmbientOcclusionLevels:-1]]
[2020.12.01-05.34.52:879][  0]LogConfig: Setting CVar [[r.AmbientOcclusionRadiusScale:1.0]]
[2020.12.01-05.34.52:879][  0]LogConfig: Setting CVar [[r.DepthOfFieldQuality:2]]
[2020.12.01-05.34.52:880][  0]LogConfig: Setting CVar [[r.RenderTargetPoolMin:400]]
[2020.12.01-05.34.52:880][  0]LogConfig: Setting CVar [[r.LensFlareQuality:2]]
[2020.12.01-05.34.52:880][  0]LogConfig: Setting CVar [[r.SceneColorFringeQuality:1]]
[2020.12.01-05.34.52:880][  0]LogConfig: Setting CVar [[r.EyeAdaptationQuality:2]]
[2020.12.01-05.34.52:880][  0]LogConfig: Setting CVar [[r.BloomQuality:5]]
[2020.12.01-05.34.52:880][  0]LogConfig: Setting CVar [[r.FastBlurThreshold:100]]
[2020.12.01-05.34.52:880][  0]LogConfig: Setting CVar [[r.Upscale.Quality:3]]
[2020.12.01-05.34.52:880][  0]LogConfig: Setting CVar [[r.Tonemapper.GrainQuantization:1]]
[2020.12.01-05.34.52:880][  0]LogConfig: Setting CVar [[r.LightShaftQuality:1]]
[2020.12.01-05.34.52:880][  0]LogConfig: Setting CVar [[r.Filter.SizeScale:1]]
[2020.12.01-05.34.52:880][  0]LogConfig: Setting CVar [[r.Tonemapper.Quality:5]]
[2020.12.01-05.34.52:880][  0]LogConfig: Setting CVar [[r.DOF.Gather.AccumulatorQuality:1        ; higher gathering accumulator quality]]
[2020.12.01-05.34.52:880][  0]LogConfig: Setting CVar [[r.DOF.Gather.PostfilterMethod:1          ; Median3x3 postfilering method]]
[2020.12.01-05.34.52:880][  0]LogConfig: Setting CVar [[r.DOF.Gather.EnableBokehSettings:0       ; no bokeh simulation when gathering]]
[2020.12.01-05.34.52:880][  0]LogConfig: Setting CVar [[r.DOF.Gather.RingCount:4                 ; medium number of samples when gathering]]
[2020.12.01-05.34.52:880][  0]LogConfig: Setting CVar [[r.DOF.Scatter.ForegroundCompositing:1    ; additive foreground scattering]]
[2020.12.01-05.34.52:880][  0]LogConfig: Setting CVar [[r.DOF.Scatter.BackgroundCompositing:2    ; additive background scattering]]
[2020.12.01-05.34.52:880][  0]LogConfig: Setting CVar [[r.DOF.Scatter.EnableBokehSettings:1      ; bokeh simulation when scattering]]
[2020.12.01-05.34.52:880][  0]LogConfig: Setting CVar [[r.DOF.Scatter.MaxSpriteRatio:0.1         ; only a maximum of 10% of scattered bokeh]]
[2020.12.01-05.34.52:880][  0]LogConfig: Setting CVar [[r.DOF.Recombine.Quality:1                ; cheap slight out of focus]]
[2020.12.01-05.34.52:880][  0]LogConfig: Setting CVar [[r.DOF.Recombine.EnableBokehSettings:0    ; no bokeh simulation on slight out of focus]]
[2020.12.01-05.34.52:880][  0]LogConfig: Setting CVar [[r.DOF.TemporalAAQuality:1                ; more stable temporal accumulation]]
[2020.12.01-05.34.52:880][  0]LogConfig: Setting CVar [[r.DOF.Kernel.MaxForegroundRadius:0.025]]
[2020.12.01-05.34.52:880][  0]LogConfig: Setting CVar [[r.DOF.Kernel.MaxBackgroundRadius:0.025]]
[2020.12.01-05.34.52:880][  0]LogConfig: Applying CVar settings from Section [TextureQuality@3] File [E:/Course Work Project/first backup b — копия/first try/firtTry/Saved/Config/Windows/Scalability.ini]
[2020.12.01-05.34.52:880][  0]LogConfig: Setting CVar [[r.Streaming.MipBias:0]]
[2020.12.01-05.34.52:880][  0]LogConfig: Setting CVar [[r.Streaming.AmortizeCPUToGPUCopy:0]]
[2020.12.01-05.34.52:880][  0]LogConfig: Setting CVar [[r.Streaming.MaxNumTexturesToStreamPerFrame:0]]
[2020.12.01-05.34.52:880][  0]LogConfig: Setting CVar [[r.Streaming.Boost:1]]
[2020.12.01-05.34.52:880][  0]LogConfig: Setting CVar [[r.MaxAnisotropy:8]]
[2020.12.01-05.34.52:880][  0]LogConfig: Setting CVar [[r.VT.MaxAnisotropy:8]]
[2020.12.01-05.34.52:880][  0]LogConfig: Setting CVar [[r.Streaming.LimitPoolSizeToVRAM:0]]
[2020.12.01-05.34.52:880][  0]LogConfig: Setting CVar [[r.Streaming.PoolSize:1000]]
[2020.12.01-05.34.52:880][  0]LogConfig: Setting CVar [[r.Streaming.MaxEffectiveScreenSize:0]]
[2020.12.01-05.34.52:880][  0]LogConfig: Applying CVar settings from Section [EffectsQuality@3] File [E:/Course Work Project/first backup b — копия/first try/firtTry/Saved/Config/Windows/Scalability.ini]
[2020.12.01-05.34.52:880][  0]LogConfig: Setting CVar [[r.TranslucencyLightingVolumeDim:64]]
[2020.12.01-05.34.52:880][  0]LogConfig: Setting CVar [[r.RefractionQuality:2]]
[2020.12.01-05.34.52:880][  0]LogConfig: Setting CVar [[r.SSR.Quality:3]]
[2020.12.01-05.34.52:880][  0]LogConfig: Setting CVar [[r.SSR.HalfResSceneColor:0]]
[2020.12.01-05.34.52:881][  0]LogConfig: Setting CVar [[r.SceneColorFormat:4]]
[2020.12.01-05.34.52:881][  0]LogConfig: Setting CVar [[r.DetailMode:2]]
[2020.12.01-05.34.52:881][  0]LogConfig: Setting CVar [[r.TranslucencyVolumeBlur:1]]
[2020.12.01-05.34.52:881][  0]LogConfig: Setting CVar [[r.MaterialQualityLevel:1 ; High quality]]
[2020.12.01-05.34.52:881][  0]LogConfig: Setting CVar [[r.SSS.Scale:1]]
[2020.12.01-05.34.52:881][  0]LogConfig: Setting CVar [[r.SSS.SampleSet:2]]
[2020.12.01-05.34.52:881][  0]LogConfig: Setting CVar [[r.SSS.Quality:1]]
[2020.12.01-05.34.52:881][  0]LogConfig: Setting CVar [[r.SSS.HalfRes:0]]
[2020.12.01-05.34.52:881][  0]LogConfig: Setting CVar [[r.SSGI.Quality:3]]
[2020.12.01-05.34.52:881][  0]LogConfig: Setting CVar [[r.EmitterSpawnRateScale:1.0]]
[2020.12.01-05.34.52:881][  0]LogConfig: Setting CVar [[r.ParticleLightQuality:2]]
[2020.12.01-05.34.52:881][  0]LogConfig: Setting CVar [[r.SkyAtmosphere.AerialPerspectiveLUT.FastApplyOnOpaque:1 ; Always have FastSkyLUT 1 in this case to avoid wrong sky]]
[2020.12.01-05.34.52:881][  0]LogConfig: Setting CVar [[r.SkyAtmosphere.AerialPerspectiveLUT.SampleCountPerSlice:1]]
[2020.12.01-05.34.52:881][  0]LogConfig: Setting CVar [[r.SkyAtmosphere.AerialPerspectiveLUT.DepthResolution:16.0]]
[2020.12.01-05.34.52:881][  0]LogConfig: Setting CVar [[r.SkyAtmosphere.FastSkyLUT:1]]
[2020.12.01-05.34.52:881][  0]LogConfig: Setting CVar [[r.SkyAtmosphere.FastSkyLUT.SampleCountMin:4.0]]
[2020.12.01-05.34.52:881][  0]LogConfig: Setting CVar [[r.SkyAtmosphere.FastSkyLUT.SampleCountMax:32.0]]
[2020.12.01-05.34.52:881][  0]LogConfig: Setting CVar [[r.SkyAtmosphere.SampleCountMin:4.0]]
[2020.12.01-05.34.52:881][  0]LogConfig: Setting CVar [[r.SkyAtmosphere.SampleCountMax:32.0]]
[2020.12.01-05.34.52:881][  0]LogConfig: Setting CVar [[r.SkyAtmosphere.TransmittanceLUT.UseSmallFormat:0]]
[2020.12.01-05.34.52:881][  0]LogConfig: Setting CVar [[r.SkyAtmosphere.TransmittanceLUT.SampleCount:10.0]]
[2020.12.01-05.34.52:881][  0]LogConfig: Setting CVar [[r.SkyAtmosphere.MultiScatteringLUT.SampleCount:15.0]]
[2020.12.01-05.34.52:881][  0]LogConfig: Applying CVar settings from Section [FoliageQuality@3] File [E:/Course Work Project/first backup b — копия/first try/firtTry/Saved/Config/Windows/Scalability.ini]
[2020.12.01-05.34.52:881][  0]LogConfig: Setting CVar [[foliage.DensityScale:1.0]]
[2020.12.01-05.34.52:881][  0]LogConfig: Setting CVar [[grass.DensityScale:1.0]]
[2020.12.01-05.34.52:881][  0]LogConfig: Applying CVar settings from Section [ShadingQuality@3] File [E:/Course Work Project/first backup b — копия/first try/firtTry/Saved/Config/Windows/Scalability.ini]
[2020.12.01-05.34.52:881][  0]LogConfig: Setting CVar [[r.HairStrands.SkyLighting.SampleCount:16]]
[2020.12.01-05.34.52:881][  0]LogConfig: Setting CVar [[r.HairStrands.SkyLighting.JitterIntegration:0]]
[2020.12.01-05.34.52:881][  0]LogConfig: Setting CVar [[r.HairStrands.SkyAO.SampleCount:16]]
[2020.12.01-05.34.52:881][  0]LogConfig: Setting CVar [[r.HairStrands.DeepShadow.SuperSampling:0]]
[2020.12.01-05.34.52:881][  0]LogConfig: Setting CVar [[r.HairStrands.VisibilityPPLL:0]]
[2020.12.01-05.34.52:881][  0]LogConfig: Setting CVar [[r.HairStrands.RasterizationScale:0.5]]
[2020.12.01-05.34.52:881][  0]LogConfig: Setting CVar [[r.HairStrands.VelocityRasterizationScale:1]]
[2020.12.01-05.34.52:881][  0]LogConfig: Applying CVar settings from Section [Startup] File [../../../Engine/Config/ConsoleVariables.ini]
[2020.12.01-05.34.52:887][  0]LogConfig: Setting CVar [[net.UseAdaptiveNetUpdateFrequency:0]]
[2020.12.01-05.34.52:887][  0]LogConfig: Setting CVar [[p.chaos.AllowCreatePhysxBodies:1]]
[2020.12.01-05.34.52:887][  0]LogConfig: Setting CVar [[fx.SkipVectorVMBackendOptimizations:1]]
[2020.12.01-05.34.52:887][  0]LogConfig: Applying CVar settings from Section [ConsoleVariables] File [E:/Course Work Project/first backup b — копия/first try/firtTry/Saved/Config/Windows/Engine.ini]
[2020.12.01-05.34.52:887][  0]LogInit: Computer: DESKTOP-33DRAGG
[2020.12.01-05.34.52:887][  0]LogInit: User: Arioh
[2020.12.01-05.34.52:887][  0]LogInit: CPU Page size=4096, Cores=2
[2020.12.01-05.34.52:887][  0]LogInit: High frequency timer resolution =10.000000 MHz
[2020.12.01-05.34.52:888][  0]LogMemory: Memory total: Physical=3.9GB (4GB approx)
[2020.12.01-05.34.52:888][  0]LogMemory: Platform Memory Stats for Windows
[2020.12.01-05.34.52:888][  0]LogMemory: Process Physical Memory: 113.01 MB used, 113.02 MB peak
[2020.12.01-05.34.52:888][  0]LogMemory: Process Virtual Memory: 94.88 MB used, 94.88 MB peak
[2020.12.01-05.34.52:888][  0]LogMemory: Physical Memory: 3159.01 MB used,  810.84 MB free, 3969.85 MB total
[2020.12.01-05.34.52:888][  0]LogMemory: Virtual Memory: 5137.24 MB used,  134212592.00 MB free, 134217728.00 MB total
[2020.12.01-05.34.52:970][  0]LogWindows: WindowsPlatformFeatures enabled
[2020.12.01-05.34.53:431][  0]LogInit: Physics initialised using underlying interface: PhysX
[2020.12.01-05.34.53:431][  0]LogInit: Using OS detected language (ru-RU).
[2020.12.01-05.34.53:431][  0]LogInit: Using OS detected locale (ru-RU).
[2020.12.01-05.34.53:436][  0]LogTextLocalizationManager: No specific localization for 'ru-RU' exists, so the 'ru' localization will be used.
[2020.12.01-05.34.53:456][  0]LogTextLocalizationResource: LocRes '../../../Engine/Content/Localization/Editor/ru/Editor.locres' could not be opened for reading!
[2020.12.01-05.34.53:466][  0]LogTextLocalizationResource: LocRes '../../../Engine/Content/Localization/EditorTutorials/ru/EditorTutorials.locres' could not be opened for reading!
[2020.12.01-05.34.53:521][  0]LogTextLocalizationResource: LocRes '../../../Engine/Content/Localization/Keywords/ru/Keywords.locres' could not be opened for reading!
[2020.12.01-05.34.53:535][  0]LogTextLocalizationResource: LocRes '../../../Engine/Content/Localization/Category/ru/Category.locres' could not be opened for reading!
[2020.12.01-05.34.53:549][  0]LogTextLocalizationResource: LocRes '../../../Engine/Content/Localization/ToolTips/ru/ToolTips.locres' could not be opened for reading!
[2020.12.01-05.34.53:551][  0]LogTextLocalizationResource: LocRes '../../../Engine/Content/Localization/PropertyNames/ru/PropertyNames.locres' could not be opened for reading!
[2020.12.01-05.34.53:552][  0]LogTextLocalizationResource: LocRes '../../../Engine/Content/Localization/Engine/ru/Engine.locres' could not be opened for reading!
[2020.12.01-05.34.53:836][  0]LogSlate: New Slate User Created.  User Index 0, Is Virtual User: 0
[2020.12.01-05.34.53:836][  0]LogSlate: Slate User Registered.  User Index 0, Is Virtual User: 0
[2020.12.01-05.34.53:858][  0]LogHMD: Failed to initialize OpenVR with code 110
[2020.12.01-05.34.53:858][  0]LogD3D11RHI: D3D11 min allowed feature level: 11_0
[2020.12.01-05.34.53:858][  0]LogD3D11RHI: D3D11 max allowed feature level: 11_0
[2020.12.01-05.34.53:859][  0]LogD3D11RHI: D3D11 adapters:
[2020.12.01-05.34.54:357][  0]LogD3D11RHI:    0. 'AMD Radeon (TM) R5 M330' (Feature Level 11_0)
[2020.12.01-05.34.54:357][  0]LogD3D11RHI:       2039/0/1984 MB DedicatedVideo/DedicatedSystem/SharedSystem, Outputs:1, VendorId:0x1002
[2020.12.01-05.34.54:652][  0]LogD3D11RHI:    1. 'Intel(R) HD Graphics 520' (Feature Level 11_0)
[2020.12.01-05.34.54:652][  0]LogD3D11RHI:       128/0/1984 MB DedicatedVideo/DedicatedSystem/SharedSystem, Outputs:0, VendorId:0x8086
[2020.12.01-05.34.54:701][  0]LogD3D11RHI:    2. 'Microsoft Basic Render Driver' (Feature Level 11_0)
[2020.12.01-05.34.54:701][  0]LogD3D11RHI:       0/0/1984 MB DedicatedVideo/DedicatedSystem/SharedSystem, Outputs:0, VendorId:0x1414
[2020.12.01-05.34.54:701][  0]LogD3D11RHI: Chosen D3D11 Adapter: 0
[2020.12.01-05.34.54:709][  0]LogD3D11RHI: Creating new Direct3DDevice
[2020.12.01-05.34.54:709][  0]LogD3D11RHI:     GPU DeviceId: 0x6660 (for the marketing name, search the web for "GPU Device Id")
[2020.12.01-05.34.54:709][  0]LogWindows: EnumDisplayDevices:
[2020.12.01-05.34.54:710][  0]LogWindows:    0. 'Intel(R) HD Graphics 520' (P:1 D:1)
[2020.12.01-05.34.54:710][  0]LogWindows:    1. 'Intel(R) HD Graphics 520' (P:0 D:0)
[2020.12.01-05.34.54:710][  0]LogWindows:    2. 'Intel(R) HD Graphics 520' (P:0 D:0)
[2020.12.01-05.34.54:711][  0]LogWindows: DebugString: PrimaryIsNotTheChoosenAdapter PrimaryIsNotTheChoosenAdapter PrimaryIsNotTheChoosenAdapter FoundDriverCount:0 
[2020.12.01-05.34.54:711][  0]LogD3D11RHI:     Adapter Name: AMD Radeon (TM) R5 M330
[2020.12.01-05.34.54:711][  0]LogD3D11RHI:   Driver Version: Unknown (internal:Unknown, unified:Unknown)
[2020.12.01-05.34.54:711][  0]LogD3D11RHI:      Driver Date: Unknown
[2020.12.01-05.34.54:711][  0]LogRHI: Texture pool is 1213 MB (70% of 1733 MB)
[2020.12.01-05.34.54:979][  0]LogD3D11RHI: RHI does not have support for 64 bit atomics
[2020.12.01-05.34.54:979][  0]LogD3D11RHI: Async texture creation enabled
[2020.12.01-05.34.54:979][  0]LogD3D11RHI: Array index from any shader is supported
[2020.12.01-05.34.55:000][  0]LogD3D11RHI: GPU Timing Frequency: 27.000000 (Debug: 2 1)
[2020.12.01-05.34.56:964][  0]LogTargetPlatformManager: Display: Loaded TargetPlatform 'WindowsNoEditor'
[2020.12.01-05.34.56:994][  0]LogTargetPlatformManager: Display: Loaded TargetPlatform 'Windows'
[2020.12.01-05.34.57:009][  0]LogTargetPlatformManager: Display: Loaded TargetPlatform 'WindowsClient'
[2020.12.01-05.34.57:096][  0]LogTargetPlatformManager: Display: Loaded TargetPlatform 'WindowsServer'
[2020.12.01-05.34.57:096][  0]LogTargetPlatformManager: Display: Building Assets For Windows
[2020.12.01-05.34.57:350][  0]LogAudioDebug: Display: Lib vorbis DLL was dynamically loaded.
[2020.12.01-05.34.58:194][  0]LogShaderCompilers: Guid format shader working directory is -32 characters bigger than the processId version (../../../../../../Course Work Project/first backup b — копия/first try/firtTry/Intermediate/Shaders/WorkingDirectory/4608/).
[2020.12.01-05.34.58:194][  0]LogShaderCompilers: Cleaned the shader compiler working directory 'C:/Users/Arioh/AppData/Local/Temp/UnrealShaderWorkingDir/58C80EEF40499D7CE93C23A8CB978637/'.
[2020.12.01-05.34.58:256][  0]LogXGEController: Cannot use XGE Controller as Incredibuild is not installed on this machine.
[2020.12.01-05.34.58:256][  0]LogShaderCompilers: Cannot use XGE Shader Compiler as Incredibuild is not installed on this machine.
[2020.12.01-05.34.58:256][  0]LogShaderCompilers: Display: Using Local Shader Compiler.
[2020.12.01-05.35.00:871][  0]LogDerivedDataCache: Display: Max Cache Size: 512 MB
[2020.12.01-05.35.01:980][  0]LogDerivedDataCache: Loaded boot cache 1.11s 75MB C:/Users/Arioh/AppData/Local/UnrealEngine/4.25/DerivedDataCache/Boot.ddc.
[2020.12.01-05.35.01:981][  0]LogDerivedDataCache: Display: Loaded Boot cache: C:/Users/Arioh/AppData/Local/UnrealEngine/4.25/DerivedDataCache/Boot.ddc
[2020.12.01-05.35.01:981][  0]LogDerivedDataCache: FDerivedDataBackendGraph:  Pak pak cache file ../../../../../../Course Work Project/first backup b — копия/first try/firtTry/DerivedDataCache/DDC.ddp not found, will not use a pak cache.
[2020.12.01-05.35.01:981][  0]LogDerivedDataCache: Unable to find inner node Pak for hierarchical cache Hierarchy.
[2020.12.01-05.35.01:981][  0]LogDerivedDataCache: FDerivedDataBackendGraph:  CompressedPak pak cache file ../../../../../../Course Work Project/first backup b — копия/first try/firtTry/DerivedDataCache/Compressed.ddp not found, will not use a pak cache.
[2020.12.01-05.35.01:981][  0]LogDerivedDataCache: Unable to find inner node CompressedPak for hierarchical cache Hierarchy.
[2020.12.01-05.35.02:003][  0]LogDerivedDataCache: Display: Pak cache opened for reading ../../../Engine/DerivedDataCache/Compressed.ddp.
[2020.12.01-05.35.02:003][  0]LogDerivedDataCache: FDerivedDataBackendGraph:  EnterprisePak pak cache file ../../../Enterprise/DerivedDataCache/Compressed.ddp not found, will not use a pak cache.
[2020.12.01-05.35.02:003][  0]LogDerivedDataCache: Unable to find inner node EnterprisePak for hierarchical cache Hierarchy.
[2020.12.01-05.35.02:031][  0]LogDerivedDataCache: Using Local data cache path C:/Users/Arioh/AppData/Local/UnrealEngine/Common/DerivedDataCache: Writable
[2020.12.01-05.35.02:031][  0]LogDerivedDataCache: Shared data cache path not found in *engine.ini, will not use an Shared cache.
[2020.12.01-05.35.02:031][  0]LogDerivedDataCache: Unable to find inner node Shared for hierarchical cache Hierarchy.
[2020.12.01-05.35.02:169][  0]LogSlate: Using FreeType 2.10.0
[2020.12.01-05.35.02:181][  0]LogSlate: SlateFontServices - WITH_FREETYPE: 1, WITH_HARFBUZZ: 1
[2020.12.01-05.35.02:961][  0]LogInit: Using OS detected language (ru-RU).
[2020.12.01-05.35.02:961][  0]LogInit: Using OS detected locale (ru-RU).
[2020.12.01-05.35.02:961][  0]LogTextLocalizationManager: No localization for 'ru-RU' exists, so 'en' will be used for the language.
[2020.12.01-05.35.02:961][  0]LogTextLocalizationManager: No localization for 'ru-RU' exists, so 'en' will be used for the locale.
[2020.12.01-05.35.02:962][  0]LogSlate: FontCache flush requested. Reason: Culture for localization was changed
[2020.12.01-05.35.02:962][  0]LogSlate: FontCache flush requested. Reason: Culture for localization was changed
[2020.12.01-05.35.02:962][  0]LogTextLocalizationManager: Compacting localization data took   0.00ms
[2020.12.01-05.35.02:982][  0]LogAssetRegistry: FAssetRegistry took 0.0056 seconds to start up
[2020.12.01-05.35.04:221][  0]LogPackageLocalizationCache: Processed 19 localized package path(s) for 1 prioritized culture(s) in 0.001606 seconds
[2020.12.01-05.35.04:320][  0]LogInit: Selected Device Profile: [Windows]
[2020.12.01-05.35.05:206][  0]LogMeshReduction: Using QuadricMeshReduction for automatic static mesh reduction
[2020.12.01-05.35.05:206][  0]LogMeshReduction: Using SimplygonMeshReduction for automatic skeletal mesh reduction
[2020.12.01-05.35.05:206][  0]LogMeshReduction: Using ProxyLODMeshReduction for automatic mesh merging
[2020.12.01-05.35.05:206][  0]LogMeshReduction: No distributed automatic mesh merging module available
[2020.12.01-05.35.05:206][  0]LogMeshMerging: No distributed automatic mesh merging module available
[2020.12.01-05.35.05:405][  0]LogNetVersion: firtTry 1.0.0, NetCL: 13144385, EngineNetVer: 14, GameNetVer: 0 (Checksum: 2476696470)
[2020.12.01-05.35.09:229][  0]LogAISub: UAISubsystem::UAISubsystem AISubsystem (00000225DE3739C0), frame # 0
[2020.12.01-05.35.09:229][  0]LogAISub: UAISubsystem::UAISubsystem AIPerceptionSystem (00000225DE389800), frame # 0
[2020.12.01-05.35.09:248][  0]LogAISub: UAISubsystem::UAISubsystem EnvQueryManager (00000225DE4CAA00), frame # 0
[2020.12.01-05.35.11:658][  0]LogCollectionManager: Loaded 0 collections in 0.001541 seconds
[2020.12.01-05.35.11:685][  0]LogFileCache: Scanning file cache for directory 'E:/Course Work Project/first backup b — копия/first try/firtTry/Saved/Collections/' took 0.01s
[2020.12.01-05.35.11:686][  0]LogFileCache: Scanning file cache for directory 'E:/Course Work Project/first backup b — копия/first try/firtTry/Content/Developers/Arioh/Collections/' took 0.00s
[2020.12.01-05.35.11:686][  0]LogFileCache: Scanning file cache for directory 'E:/Course Work Project/first backup b — копия/first try/firtTry/Content/Collections/' took 0.00s
[2020.12.01-05.35.11:686][  0]LogCollectionManager: Fixed up redirectors for 0 collections in 0.000007 seconds (updated 0 objects)
[2020.12.01-05.35.12:610][  0]LogMoviePlayer: Initializing movie player
[2020.12.01-05.35.15:268][  0]LogTcpMessaging: Initializing TcpMessaging bridge
[2020.12.01-05.35.15:289][  0]LogUdpMessaging: Initializing bridge on interface 0.0.0.0:0 to multicast group 230.0.0.1:6666.
[2020.12.01-05.35.15:769][  0]SourceControl: Source control is disabled
[2020.12.01-05.35.15:770][  0]SourceControl: Source control is disabled
[2020.12.01-05.35.16:050][  0]SourceControl: Source control is disabled
[2020.12.01-05.35.17:052][  0]LogAndroidPermission: UAndroidPermissionCallbackProxy::GetInstance
[2020.12.01-05.35.17:138][  0]LogAudioCaptureCore: Display: No Audio Capture implementations found. Audio input will be silent.
[2020.12.01-05.35.17:138][  0]LogAudioCaptureCore: Display: No Audio Capture implementations found. Audio input will be silent.
[2020.12.01-05.35.17:464][  0]LogOcInput: OculusInput pre-init called
[2020.12.01-05.35.17:547][  0]LogUObjectArray: 19064 objects as part of root set at end of initial load.
[2020.12.01-05.35.17:548][  0]LogUObjectAllocator: 5015424 out of 0 bytes used by permanent object pool.
[2020.12.01-05.35.17:548][  0]LogUObjectArray: CloseDisregardForGC: 0/0 objects in disregard for GC pool
[2020.12.01-05.35.18:127][  0]LogEngine: Initializing Engine...
[2020.12.01-05.35.18:149][  0]LogHMD: Failed to initialize OpenVR with code 110
[2020.12.01-05.35.18:149][  0]LogMagicLeap: Warning: VR disabled because ZI is not enabled.  To enable, in the editor, Edit -> Project Settings -> Plugins -> Magic Leap Plugin -> Enable Zero Iteration
[2020.12.01-05.35.18:166][  0]LogStats: UGameplayTagsManager::InitializeManager -  0.015 s
[2020.12.01-05.35.19:085][  0]LogInit: Initializing FReadOnlyCVARCache
[2020.12.01-05.35.19:297][  0]LogAudioMixer: Display: Audio Mixer Platform Settings:
[2020.12.01-05.35.19:297][  0]LogAudioMixer: Display: 	Sample Rate:						  48000
[2020.12.01-05.35.19:297][  0]LogAudioMixer: Display: 	Callback Buffer Frame Size Requested: 1024
[2020.12.01-05.35.19:297][  0]LogAudioMixer: Display: 	Callback Buffer Frame Size To Use:	  1024
[2020.12.01-05.35.19:297][  0]LogAudioMixer: Display: 	Number of buffers to queue:			  2
[2020.12.01-05.35.19:297][  0]LogAudioMixer: Display: 	Max Channels (voices):				  32
[2020.12.01-05.35.19:297][  0]LogAudioMixer: Display: 	Number of Async Source Workers:		  0
[2020.12.01-05.35.19:297][  0]LogAudio: Display: AudioDevice MaxSources: 32
[2020.12.01-05.35.19:298][  0]LogAudio: Display: Using built-in audio occlusion.
[2020.12.01-05.35.19:298][  0]LogAudioMixer: Display: Initializing audio mixer.
[2020.12.01-05.35.19:757][  0]LogAudioMixer: Display: 0: FrontLeft
[2020.12.01-05.35.19:757][  0]LogAudioMixer: Display: 1: FrontRight
[2020.12.01-05.35.20:049][  0]LogAudioMixer: Display: Using Audio Device Динамики (Conexant SmartAudio HD)
[2020.12.01-05.35.20:062][  0]LogAudioMixer: Display: Initializing Sound Submixes...
[2020.12.01-05.35.20:065][  0]LogAudioMixer: Display: Creating Master Submix 'MasterSubmixDefault'
[2020.12.01-05.35.20:071][  0]LogAudioMixer: Display: Creating Master Submix 'MasterReverbSubmixDefault'
[2020.12.01-05.35.20:074][  0]LogAudioMixer: Display: Creating Master Submix 'MasterEQSubmixDefault'
[2020.12.01-05.35.20:076][  0]LogInit: FAudioDevice initialized.
[2020.12.01-05.35.20:080][  0]LogNetVersion: Set ProjectVersion to 1.0.0.0. Version Checksum will be recalculated on next use.
[2020.12.01-05.35.20:113][  0]LogInit: Texture streaming: Enabled
[2020.12.01-05.35.26:676][  0]LogSlate: Updating window title bar state: overlay mode, drag disabled, window buttons hidden, title bar hidden
[2020.12.01-05.35.26:696][  0]LogInit: Display: Game Engine Initialized.
[2020.12.01-05.35.26:904][  0]LogNiagaraEditor: Warning: GEditor isn't valid! Particle reset commands will not work for Niagara components!
[2020.12.01-05.35.27:515][  0]LogInit: Display: Starting Game.
[2020.12.01-05.35.27:516][  0]LogNet: Browse: 127.0.0.1:17777/Game/ThirdPersonBP/Maps/ThirdPersonExampleMap?Name=Player
[2020.12.01-05.35.27:516][  0]LogInit: WinSock: Socket queue. Rx: 32768 (config 32768) Tx: 32768 (config 32768)
[2020.12.01-05.35.27:517][  0]LogNet: Created socket for bind address: 0.0.0.0 on port 0
[2020.12.01-05.35.27:517][  0]PacketHandlerLog: Loaded PacketHandler component: Engine.EngineHandlerComponentFactory (StatelessConnectHandlerComponent)
[2020.12.01-05.35.27:517][  0]LogNet: Game client on port 17777, rate 10000
[2020.12.01-05.35.27:808][  0]LogLoad: (Engine Initialization) Total time: 51.06 seconds
[2020.12.01-05.35.27:808][  0]LogLoad: (Engine Initialization) Total Blueprint compile time: 0.00 seconds
[2020.12.01-05.35.27:934][  0]LogContentStreaming: Texture pool size now 1000 MB
[2020.12.01-05.35.27:967][  0]LogSlate: InvalidateAllWidgets triggered.  All widgets were invalidated
[2020.12.01-05.35.31:813][387]LogHandshake: SendChallengeResponse. Timestamp: 0.000101, Cookie: 009218016224133045204080005159045050176193236249009204121139
[2020.12.01-05.35.31:813][387]LogHandshake: SendChallengeResponse. Timestamp: 0.000101, Cookie: 009218016224133045204080005159045050176193236249009204121139
[2020.12.01-05.35.32:256][520]LogNetVersion: firtTry 1.0.0.0, NetCL: 13144385, EngineNetVer: 14, GameNetVer: 0 (Checksum: 939769915)
[2020.12.01-05.35.32:256][520]LogNet: UPendingNetGame::SendInitialJoin: Sending hello. [UNetConnection] RemoteAddr: 127.0.0.1:17777, Name: IpConnection_0, Driver: PendingNetDriver IpNetDriver_0, IsServer: NO, PC: NULL, Owner: NULL, UniqueId: INVALID
[2020.12.01-05.35.32:538][523]LogNet: Welcomed by server (Level: /Game/MainMenu/MainMenu, Game: /Game/MainMenu/Blueprints/MainMenuGameMode.MainMenuGameMode_C)
[2020.12.01-05.35.32:540][523]LogLoad: LoadMap: 127.0.0.1:17777/Game/MainMenu/MainMenu?Name=Player?game=/Game/MainMenu/Blueprints/MainMenuGameMode.MainMenuGameMode_C
[2020.12.01-05.35.32:540][523]LogWorld: BeginTearingDown for /Temp/Untitled_0
[2020.12.01-05.35.32:540][523]LogWorld: UWorld::CleanupWorld for Untitled, bSessionEnded=true, bCleanupResources=true
[2020.12.01-05.35.32:540][523]LogSlate: InvalidateAllWidgets triggered.  All widgets were invalidated
[2020.12.01-05.35.32:561][523]LogUObjectHash: Compacting FUObjectHashTables data took   1.12ms
[2020.12.01-05.35.32:820][523]LogWorld: Bringing World /Game/MainMenu/MainMenu.MainMenu up for play (max tick rate 0) at 2020.12.01-08.35.32
[2020.12.01-05.35.32:820][523]LogWorld: Bringing up level for play took: 0.007498
[2020.12.01-05.35.32:822][523]LogLoad: Took 0.282504 seconds to LoadMap(/Game/MainMenu/MainMenu)
[2020.12.01-05.35.32:858][525]LogRenderer: Reallocating scene render targets to support 1280x720 Format 10 NumSamples 1 (Frame:1).
[2020.12.01-05.35.34:075][525]LogOnlineSession: Warning: OSS: No game present to join for session (GameSession)
[2020.12.01-05.35.34:076][525]LogOnlineSession: Warning: OSS: No game present to join for session (GameSession)
[2020.12.01-05.35.34:082][525]LogSlate: Took 0.000209 seconds to synchronously load lazily loaded font '../../../Engine/Content/Slate/Fonts/Roboto-Regular.ttf' (155K)
[2020.12.01-05.35.41:071][663]LogNet: Error: UEngine::BroadcastNetworkFailure: FailureType = FailureReceived, ErrorString = Host closed the connection., Driver = GameNetDriver IpNetDriver_0
[2020.12.01-05.35.41:071][663]LogNet: Warning: Network Failure: GameNetDriver[FailureReceived]: Host closed the connection.
[2020.12.01-05.35.41:071][663]LogNet: NetworkFailure: FailureReceived, Error: 'Host closed the connection.'
[2020.12.01-05.35.41:071][663]LogNet: UNetConnection::Close: [UNetConnection] RemoteAddr: 127.0.0.1:17777, Name: IpConnection_0, Driver: GameNetDriver IpNetDriver_0, IsServer: NO, PC: MainMenuPC_C_0, Owner: MainMenuPC_C_0, UniqueId: NULL:DESKTOP-33DRAGG-73607A0D4C8005216420BD8C73EBE395, Channels: 10, Time: 2020.12.01-05.35.41
[2020.12.01-05.35.41:071][663]LogNet: UChannel::Close: Sending CloseBunch. ChIndex == 0. Name: [UChannel] ChIndex: 0, Closing: 0 [UNetConnection] RemoteAddr: 127.0.0.1:17777, Name: IpConnection_0, Driver: GameNetDriver IpNetDriver_0, IsServer: NO, PC: MainMenuPC_C_0, Owner: MainMenuPC_C_0, UniqueId: NULL:DESKTOP-33DRAGG-73607A0D4C8005216420BD8C73EBE395
[2020.12.01-05.35.41:071][663]LogNet: Error: UEngine::BroadcastNetworkFailure: FailureType = ConnectionLost, ErrorString = Your connection to the host has been lost., Driver = GameNetDriver IpNetDriver_0
[2020.12.01-05.35.41:106][664]LogNet: Browse: /Game/ThirdPersonBP/Maps/ThirdPersonExampleMap?closed
[2020.12.01-05.35.41:141][664]LogNet: Connection failed; returning to Entry
[2020.12.01-05.35.41:142][664]LogLoad: LoadMap: /Game/ThirdPersonBP/Maps/ThirdPersonExampleMap?closed
[2020.12.01-05.35.41:142][664]LogWorld: BeginTearingDown for /Game/MainMenu/MainMenu
[2020.12.01-05.35.41:142][664]LogNet: World NetDriver shutdown IpNetDriver_0 [GameNetDriver]
[2020.12.01-05.35.41:142][664]LogNet: DestroyNamedNetDriver IpNetDriver_0 [GameNetDriver]
[2020.12.01-05.35.41:142][664]LogExit: GameNetDriver IpNetDriver_0 shut down
[2020.12.01-05.35.41:143][664]LogWorld: UWorld::CleanupWorld for MainMenu, bSessionEnded=true, bCleanupResources=true
[2020.12.01-05.35.41:144][664]LogSlate: InvalidateAllWidgets triggered.  All widgets were invalidated
[2020.12.01-05.35.41:292][664]LogUObjectHash: Compacting FUObjectHashTables data took   1.43ms
[2020.12.01-05.35.48:179][664]LogBlueprint: Warning: Node '/Game/MilitaryWeapDark/Sound/Rifle/Rifle_Lower_Cue.Rifle_Lower_Cue:SoundCueGraph_7.SoundCueGraphNode_105' missing NodeGuid because of upgrade from old package version, this can cause deterministic cooking issues please resave package.
[2020.12.01-05.35.48:180][664]LogBlueprint: Warning: Node '/Game/MilitaryWeapDark/Sound/Rifle/Rifle_Lower_Cue.Rifle_Lower_Cue:SoundCueGraph_7.SoundCueGraphNode_Root_7' missing NodeGuid because of upgrade from old package version, this can cause deterministic cooking issues please resave package.
[2020.12.01-05.35.48:192][664]LogAIModule: Creating AISystem for world ThirdPersonExampleMap
[2020.12.01-05.35.48:192][664]LogAISub: UAISubsystem::UAISubsystem EnvQueryManager (00000225848CD400), frame # 1664
[2020.12.01-05.35.48:192][664]LogAISub: UAISubsystem::UAISubsystem AIPerceptionSystem (00000225EA3C8B80), frame # 1664
[2020.12.01-05.35.48:193][664]LogLoad: Game class is 'ThirdPersonGameMode_C'
[2020.12.01-05.35.48:223][664]LogScript: Warning: Script Msg: Divide by zero detected: 0.000000 / 0
Script call stack:
	Function /Game/ParagonWraith/Characters/Heroes/Wraith/Wraith_AnimBlueprint.Wraith_AnimBlueprint_C:BlueprintUpdateAnimation
	Function /Game/ParagonWraith/Characters/Heroes/Wraith/Wraith_AnimBlueprint.Wraith_AnimBlueprint_C:ExecuteUbergraph_Wraith_AnimBlueprint

[2020.12.01-05.35.48:247][664]LogWorld: Bringing World /Game/ThirdPersonBP/Maps/ThirdPersonExampleMap.ThirdPersonExampleMap up for play (max tick rate 0) at 2020.12.01-08.35.48
[2020.12.01-05.35.48:253][664]LogWorld: Bringing up level for play took: 0.059303
[2020.12.01-05.35.48:325][664]LogLoad: Took 7.183192 seconds to LoadMap(/Game/ThirdPersonBP/Maps/ThirdPersonExampleMap)
[2020.12.01-05.35.48:531][664]LogUObjectHash: Compacting FUObjectHashTables data took   1.64ms
[2020.12.01-05.35.48:532][664]LogBlueprintUserMessages: [ThirdPersonCharacter_C_0] Battle mode:false
[2020.12.01-05.35.48:538][664]LogScript: Warning: Accessed None trying to read property Gun
	WidgetMainHUD_C /Engine/Transient.GameEngine_0:OnlineGameInstance_C_0.WidgetMainHUD_C_0
	Function /Game/UI/HUD/WidgetMainHUD.WidgetMainHUD_C:GetText_0:00A4
[2020.12.01-05.35.48:538][664]LogScript: Warning: Script call stack:
	Function /Game/UI/HUD/WidgetMainHUD.WidgetMainHUD_C:GetText_0

[2020.12.01-05.35.48:588][665]LogBlueprintUserMessages: [ThirdPersonCharacter_C_0] Battle mode:false
[2020.12.01-05.35.48:590][665]LogScript: Warning: Accessed None trying to read property Gun
	WidgetMainHUD_C /Engine/Transient.GameEngine_0:OnlineGameInstance_C_0.WidgetMainHUD_C_0
	Function /Game/UI/HUD/WidgetMainHUD.WidgetMainHUD_C:GetText_0:00A4
[2020.12.01-05.35.48:590][665]LogScript: Warning: Script call stack:
	Function /Game/UI/HUD/WidgetMainHUD.WidgetMainHUD_C:GetText_0

[2020.12.01-05.35.49:252][666]LogBlueprintUserMessages: [ThirdPersonCharacter_C_0] Battle mode:false
[2020.12.01-05.35.49:253][666]LogScript: Warning: Accessed None trying to read property Gun
	WidgetMainHUD_C /Engine/Transient.GameEngine_0:OnlineGameInstance_C_0.WidgetMainHUD_C_0
	Function /Game/UI/HUD/WidgetMainHUD.WidgetMainHUD_C:GetText_0:00A4
[2020.12.01-05.35.49:253][666]LogScript: Warning: Script call stack:
	Function /Game/UI/HUD/WidgetMainHUD.WidgetMainHUD_C:GetText_0

[2020.12.01-05.35.49:331][667]LogBlueprintUserMessages: [ThirdPersonCharacter_C_0] Battle mode:false
[2020.12.01-05.35.49:333][667]LogScript: Warning: Accessed None trying to read property Gun
	WidgetMainHUD_C /Engine/Transient.GameEngine_0:OnlineGameInstance_C_0.WidgetMainHUD_C_0
	Function /Game/UI/HUD/WidgetMainHUD.WidgetMainHUD_C:GetText_0:00A4
[2020.12.01-05.35.49:333][667]LogScript: Warning: Script call stack:
	Function /Game/UI/HUD/WidgetMainHUD.WidgetMainHUD_C:GetText_0

[2020.12.01-05.35.49:368][668]LogBlueprintUserMessages: [ThirdPersonCharacter_C_0] Battle mode:false
[2020.12.01-05.35.49:370][668]LogScript: Warning: Accessed None trying to read property Gun
	WidgetMainHUD_C /Engine/Transient.GameEngine_0:OnlineGameInstance_C_0.WidgetMainHUD_C_0
	Function /Game/UI/HUD/WidgetMainHUD.WidgetMainHUD_C:GetText_0:00A4
[2020.12.01-05.35.49:370][668]LogScript: Warning: Script call stack:
	Function /Game/UI/HUD/WidgetMainHUD.WidgetMainHUD_C:GetText_0

[2020.12.01-05.35.49:401][669]LogBlueprintUserMessages: [ThirdPersonCharacter_C_0] Battle mode:false
[2020.12.01-05.35.49:404][669]LogScript: Warning: Accessed None trying to read property Gun
	WidgetMainHUD_C /Engine/Transient.GameEngine_0:OnlineGameInstance_C_0.WidgetMainHUD_C_0
	Function /Game/UI/HUD/WidgetMainHUD.WidgetMainHUD_C:GetText_0:00A4
[2020.12.01-05.35.49:404][669]LogScript: Warning: Script call stack:
	Function /Game/UI/HUD/WidgetMainHUD.WidgetMainHUD_C:GetText_0

[2020.12.01-05.35.49:479][670]LogBlueprintUserMessages: [ThirdPersonCharacter_C_0] Battle mode:false
[2020.12.01-05.35.49:482][670]LogScript: Warning: Accessed None trying to read property Gun
	WidgetMainHUD_C /Engine/Transient.GameEngine_0:OnlineGameInstance_C_0.WidgetMainHUD_C_0
	Function /Game/UI/HUD/WidgetMainHUD.WidgetMainHUD_C:GetText_0:00A4
[2020.12.01-05.35.49:482][670]LogScript: Warning: Script call stack:
	Function /Game/UI/HUD/WidgetMainHUD.WidgetMainHUD_C:GetText_0

[2020.12.01-05.35.49:516][671]LogBlueprintUserMessages: [ThirdPersonCharacter_C_0] Battle mode:false
[2020.12.01-05.35.49:520][671]LogScript: Warning: Accessed None trying to read property Gun
	WidgetMainHUD_C /Engine/Transient.GameEngine_0:OnlineGameInstance_C_0.WidgetMainHUD_C_0
	Function /Game/UI/HUD/WidgetMainHUD.WidgetMainHUD_C:GetText_0:00A4
[2020.12.01-05.35.49:520][671]LogScript: Warning: Script call stack:
	Function /Game/UI/HUD/WidgetMainHUD.WidgetMainHUD_C:GetText_0

[2020.12.01-05.35.49:555][672]LogBlueprintUserMessages: [ThirdPersonCharacter_C_0] Battle mode:false
[2020.12.01-05.35.49:557][672]LogScript: Warning: Accessed None trying to read property Gun
	WidgetMainHUD_C /Engine/Transient.GameEngine_0:OnlineGameInstance_C_0.WidgetMainHUD_C_0
	Function /Game/UI/HUD/WidgetMainHUD.WidgetMainHUD_C:GetText_0:00A4
[2020.12.01-05.35.49:557][672]LogScript: Warning: Script call stack:
	Function /Game/UI/HUD/WidgetMainHUD.WidgetMainHUD_C:GetText_0

[2020.12.01-05.35.49:594][673]LogBlueprintUserMessages: [ThirdPersonCharacter_C_0] Battle mode:false
[2020.12.01-05.35.49:596][673]LogScript: Warning: Accessed None trying to read property Gun
	WidgetMainHUD_C /Engine/Transient.GameEngine_0:OnlineGameInstance_C_0.WidgetMainHUD_C_0
	Function /Game/UI/HUD/WidgetMainHUD.WidgetMainHUD_C:GetText_0:00A4
[2020.12.01-05.35.49:596][673]LogScript: Warning: Script call stack:
	Function /Game/UI/HUD/WidgetMainHUD.WidgetMainHUD_C:GetText_0

[2020.12.01-05.35.49:632][674]LogBlueprintUserMessages: [ThirdPersonCharacter_C_0] Battle mode:false
[2020.12.01-05.35.49:633][674]LogScript: Warning: Accessed None trying to read property Gun
	WidgetMainHUD_C /Engine/Transient.GameEngine_0:OnlineGameInstance_C_0.WidgetMainHUD_C_0
	Function /Game/UI/HUD/WidgetMainHUD.WidgetMainHUD_C:GetText_0:00A4
[2020.12.01-05.35.49:634][674]LogScript: Warning: Script call stack:
	Function /Game/UI/HUD/WidgetMainHUD.WidgetMainHUD_C:GetText_0

[2020.12.01-05.35.49:710][675]LogBlueprintUserMessages: [ThirdPersonCharacter_C_0] Battle mode:false
[2020.12.01-05.35.49:713][675]LogScript: Warning: Accessed None trying to read property Gun
	WidgetMainHUD_C /Engine/Transient.GameEngine_0:OnlineGameInstance_C_0.WidgetMainHUD_C_0
	Function /Game/UI/HUD/WidgetMainHUD.WidgetMainHUD_C:GetText_0:00A4
[2020.12.01-05.35.49:713][675]LogScript: Warning: Script call stack:
	Function /Game/UI/HUD/WidgetMainHUD.WidgetMainHUD_C:GetText_0

[2020.12.01-05.35.49:747][676]LogBlueprintUserMessages: [ThirdPersonCharacter_C_0] Battle mode:false
[2020.12.01-05.35.49:751][676]LogScript: Warning: Accessed None trying to read property Gun
	WidgetMainHUD_C /Engine/Transient.GameEngine_0:OnlineGameInstance_C_0.WidgetMainHUD_C_0
	Function /Game/UI/HUD/WidgetMainHUD.WidgetMainHUD_C:GetText_0:00A4
[2020.12.01-05.35.49:751][676]LogScript: Warning: Script call stack:
	Function /Game/UI/HUD/WidgetMainHUD.WidgetMainHUD_C:GetText_0

[2020.12.01-05.35.49:785][677]LogBlueprintUserMessages: [ThirdPersonCharacter_C_0] Battle mode:false
[2020.12.01-05.35.49:787][677]LogScript: Warning: Accessed None trying to read property Gun
	WidgetMainHUD_C /Engine/Transient.GameEngine_0:OnlineGameInstance_C_0.WidgetMainHUD_C_0
	Function /Game/UI/HUD/WidgetMainHUD.WidgetMainHUD_C:GetText_0:00A4
[2020.12.01-05.35.49:787][677]LogScript: Warning: Script call stack:
	Function /Game/UI/HUD/WidgetMainHUD.WidgetMainHUD_C:GetText_0

[2020.12.01-05.35.49:824][678]LogBlueprintUserMessages: [ThirdPersonCharacter_C_0] Battle mode:false
[2020.12.01-05.35.49:827][678]LogScript: Warning: Accessed None trying to read property Gun
	WidgetMainHUD_C /Engine/Transient.GameEngine_0:OnlineGameInstance_C_0.WidgetMainHUD_C_0
	Function /Game/UI/HUD/WidgetMainHUD.WidgetMainHUD_C:GetText_0:00A4
[2020.12.01-05.35.49:827][678]LogScript: Warning: Script call stack:
	Function /Game/UI/HUD/WidgetMainHUD.WidgetMainHUD_C:GetText_0

[2020.12.01-05.35.49:862][679]LogBlueprintUserMessages: [ThirdPersonCharacter_C_0] Battle mode:false
[2020.12.01-05.35.49:865][679]LogScript: Warning: Accessed None trying to read property Gun
	WidgetMainHUD_C /Engine/Transient.GameEngine_0:OnlineGameInstance_C_0.WidgetMainHUD_C_0
	Function /Game/UI/HUD/WidgetMainHUD.WidgetMainHUD_C:GetText_0:00A4
[2020.12.01-05.35.49:865][679]LogScript: Warning: Script call stack:
	Function /Game/UI/HUD/WidgetMainHUD.WidgetMainHUD_C:GetText_0

[2020.12.01-05.35.49:901][680]LogBlueprintUserMessages: [ThirdPersonCharacter_C_0] Battle mode:false
[2020.12.01-05.35.49:906][680]LogScript: Warning: Accessed None trying to read property Gun
	WidgetMainHUD_C /Engine/Transient.GameEngine_0:OnlineGameInstance_C_0.WidgetMainHUD_C_0
	Function /Game/UI/HUD/WidgetMainHUD.WidgetMainHUD_C:GetText_0:00A4
[2020.12.01-05.35.49:906][680]LogScript: Warning: Script call stack:
	Function /Game/UI/HUD/WidgetMainHUD.WidgetMainHUD_C:GetText_0

[2020.12.01-05.35.49:941][681]LogBlueprintUserMessages: [ThirdPersonCharacter_C_0] Battle mode:false
[2020.12.01-05.35.50:001][682]LogBlueprintUserMessages: [ThirdPersonCharacter_C_0] Battle mode:false
[2020.12.01-05.35.50:039][683]LogBlueprintUserMessages: [ThirdPersonCharacter_C_0] Battle mode:false
[2020.12.01-05.35.50:078][684]LogBlueprintUserMessages: [ThirdPersonCharacter_C_0] Battle mode:false
[2020.12.01-05.35.50:117][685]LogBlueprintUserMessages: [ThirdPersonCharacter_C_0] Battle mode:false
[2020.12.01-05.35.50:157][686]LogBlueprintUserMessages: [ThirdPersonCharacter_C_0] Battle mode:false
[2020.12.01-05.35.50:226][687]LogBlueprintUserMessages: [ThirdPersonCharacter_C_0] Battle mode:false
[2020.12.01-05.35.50:236][688]LogBlueprintUserMessages: [ThirdPersonCharacter_C_0] Battle mode:false
[2020.12.01-05.35.50:276][689]LogBlueprintUserMessages: [ThirdPersonCharacter_C_0] Battle mode:false
[2020.12.01-05.35.50:336][690]LogBlueprintUserMessages: [ThirdPersonCharacter_C_0] Battle mode:false
[2020.12.01-05.35.50:373][691]LogBlueprintUserMessages: [ThirdPersonCharacter_C_0] Battle mode:false
[2020.12.01-05.35.50:449][692]LogBlueprintUserMessages: [ThirdPersonCharacter_C_0] Battle mode:false
[2020.12.01-05.35.50:563][693]LogBlueprintUserMessages: [ThirdPersonCharacter_C_0] Battle mode:false
[2020.12.01-05.35.50:678][694]LogBlueprintUserMessages: [ThirdPersonCharacter_C_0] Battle mode:false
[2020.12.01-05.35.50:739][695]LogBlueprintUserMessages: [ThirdPersonCharacter_C_0] Battle mode:false
[2020.12.01-05.35.50:832][696]LogBlueprintUserMessages: [ThirdPersonCharacter_C_0] Battle mode:false
[2020.12.01-05.35.50:832][696]LogParticles: Warning: Particle Notify: Particle system is null for particle notify 'PlayParticleEffect' in anim: '/Game/ParagonWraith/Characters/Heroes/Wraith/Animations/LevelStart_Montage.LevelStart_Montage'
[2020.12.01-05.35.50:895][697]LogBlueprintUserMessages: [ThirdPersonCharacter_C_0] Battle mode:false
[2020.12.01-05.35.50:984][698]LogBlueprintUserMessages: [ThirdPersonCharacter_C_0] Battle mode:false
[2020.12.01-05.35.51:045][699]LogBlueprintUserMessages: [ThirdPersonCharacter_C_0] Battle mode:false
[2020.12.01-05.35.51:140][700]LogBlueprintUserMessages: [ThirdPersonCharacter_C_0] Battle mode:false
[2020.12.01-05.35.51:178][701]LogBlueprintUserMessages: [ThirdPersonCharacter_C_0] Battle mode:false
[2020.12.01-05.35.51:333][702]LogBlueprintUserMessages: [ThirdPersonCharacter_C_0] Battle mode:false
[2020.12.01-05.35.51:484][703]LogBlueprintUserMessages: [ThirdPersonCharacter_C_0] Battle mode:false
[2020.12.01-05.35.51:524][704]LogBlueprintUserMessages: [ThirdPersonCharacter_C_0] Battle mode:false
[2020.12.01-05.35.51:562][705]LogBlueprintUserMessages: [ThirdPersonCharacter_C_0] Battle mode:false
[2020.12.01-05.35.51:602][706]LogBlueprintUserMessages: [ThirdPersonCharacter_C_0] Battle mode:false
[2020.12.01-05.35.51:642][707]LogBlueprintUserMessages: [ThirdPersonCharacter_C_0] Battle mode:false
[2020.12.01-05.35.51:862][708]LogBlueprintUserMessages: [ThirdPersonCharacter_C_0] Battle mode:false
[2020.12.01-05.35.52:082][709]LogBlueprintUserMessages: [ThirdPersonCharacter_C_0] Battle mode:false
[2020.12.01-05.35.52:516][710]LogBlueprintUserMessages: [ThirdPersonCharacter_C_0] Battle mode:false
[2020.12.01-05.35.52:955][711]LogBlueprintUserMessages: [ThirdPersonCharacter_C_0] Battle mode:false
[2020.12.01-05.35.53:151][712]LogBlueprintUserMessages: [ThirdPersonCharacter_C_0] Battle mode:false
[2020.12.01-05.35.53:555][713]LogBlueprintUserMessages: [ThirdPersonCharacter_C_0] Battle mode:false
[2020.12.01-05.35.53:869][714]LogBlueprintUserMessages: [ThirdPersonCharacter_C_0] Battle mode:false
[2020.12.01-05.35.54:101][715]LogBlueprintUserMessages: [ThirdPersonCharacter_C_0] Battle mode:false
[2020.12.01-05.35.54:572][716]LogBlueprintUserMessages: [ThirdPersonCharacter_C_0] Battle mode:false
[2020.12.01-05.35.54:805][717]LogBlueprintUserMessages: [ThirdPersonCharacter_C_0] Battle mode:false
[2020.12.01-05.35.55:033][718]LogBlueprintUserMessages: [ThirdPersonCharacter_C_0] Battle mode:false
[2020.12.01-05.35.55:264][719]LogBlueprintUserMessages: [ThirdPersonCharacter_C_0] Battle mode:false
[2020.12.01-05.35.55:700][720]LogBlueprintUserMessages: [ThirdPersonCharacter_C_0] Battle mode:false
[2020.12.01-05.35.56:119][721]LogBlueprintUserMessages: [ThirdPersonCharacter_C_0] Battle mode:false
[2020.12.01-05.35.56:550][722]LogBlueprintUserMessages: [ThirdPersonCharacter_C_0] Battle mode:false
[2020.12.01-05.35.56:976][723]LogBlueprintUserMessages: [ThirdPersonCharacter_C_0] Battle mode:false
[2020.12.01-05.35.57:422][724]LogBlueprintUserMessages: [ThirdPersonCharacter_C_0] Battle mode:false
[2020.12.01-05.35.57:651][725]LogBlueprintUserMessages: [ThirdPersonCharacter_C_0] Battle mode:false
[2020.12.01-05.35.58:064][726]LogBlueprintUserMessages: [ThirdPersonCharacter_C_0] Battle mode:false
[2020.12.01-05.35.58:479][727]LogBlueprintUserMessages: [ThirdPersonCharacter_C_0] Battle mode:false
[2020.12.01-05.35.58:922][728]LogBlueprintUserMessages: [ThirdPersonCharacter_C_0] Battle mode:false
[2020.12.01-05.35.59:377][729]LogBlueprintUserMessages: [ThirdPersonCharacter_C_0] Battle mode:false
[2020.12.01-05.35.59:795][730]LogBlueprintUserMessages: [ThirdPersonCharacter_C_0] Battle mode:false
[2020.12.01-05.36.00:019][731]LogBlueprintUserMessages: [ThirdPersonCharacter_C_0] Battle mode:false
[2020.12.01-05.36.00:467][732]LogBlueprintUserMessages: [ThirdPersonCharacter_C_0] Battle mode:false
[2020.12.01-05.36.00:766][733]LogBlueprintUserMessages: [ThirdPersonCharacter_C_0] Battle mode:false
[2020.12.01-05.36.00:806][734]LogBlueprintUserMessages: [ThirdPersonCharacter_C_0] Battle mode:false
[2020.12.01-05.36.00:846][735]LogBlueprintUserMessages: [ThirdPersonCharacter_C_0] Battle mode:false
[2020.12.01-05.36.00:881][736]LogBlueprintUserMessages: [ThirdPersonCharacter_C_0] Battle mode:false
[2020.12.01-05.36.00:919][737]LogBlueprintUserMessages: [ThirdPersonCharacter_C_0] Battle mode:false
[2020.12.01-05.36.00:961][738]LogBlueprintUserMessages: [ThirdPersonCharacter_C_0] Battle mode:false
[2020.12.01-05.36.00:997][739]LogBlueprintUserMessages: [ThirdPersonCharacter_C_0] Battle mode:false
[2020.12.01-05.36.01:034][740]LogBlueprintUserMessages: [ThirdPersonCharacter_C_0] Battle mode:false
[2020.12.01-05.36.01:075][741]LogBlueprintUserMessages: [ThirdPersonCharacter_C_0] Battle mode:false
[2020.12.01-05.36.01:114][742]LogBlueprintUserMessages: [ThirdPersonCharacter_C_0] Battle mode:false
[2020.12.01-05.36.01:153][743]LogBlueprintUserMessages: [ThirdPersonCharacter_C_0] Battle mode:false
[2020.12.01-05.36.01:192][744]LogBlueprintUserMessages: [ThirdPersonCharacter_C_0] Battle mode:false
[2020.12.01-05.36.01:229][745]LogBlueprintUserMessages: [ThirdPersonCharacter_C_0] Battle mode:false
[2020.12.01-05.36.01:267][746]LogBlueprintUserMessages: [ThirdPersonCharacter_C_0] Battle mode:false
[2020.12.01-05.36.01:305][747]LogBlueprintUserMessages: [ThirdPersonCharacter_C_0] Battle mode:false
[2020.12.01-05.36.01:343][748]LogBlueprintUserMessages: [ThirdPersonCharacter_C_0] Battle mode:false
[2020.12.01-05.36.01:379][749]LogBlueprintUserMessages: [ThirdPersonCharacter_C_0] Battle mode:false
[2020.12.01-05.36.01:419][750]LogBlueprintUserMessages: [ThirdPersonCharacter_C_0] Battle mode:false
[2020.12.01-05.36.01:458][751]LogBlueprintUserMessages: [ThirdPersonCharacter_C_0] Battle mode:false
[2020.12.01-05.36.01:496][752]LogBlueprintUserMessages: [ThirdPersonCharacter_C_0] Battle mode:false
[2020.12.01-05.36.01:533][753]LogBlueprintUserMessages: [ThirdPersonCharacter_C_0] Battle mode:false
[2020.12.01-05.36.01:571][754]LogBlueprintUserMessages: [ThirdPersonCharacter_C_0] Battle mode:false
[2020.12.01-05.36.01:610][755]LogBlueprintUserMessages: [ThirdPersonCharacter_C_0] Battle mode:false
[2020.12.01-05.36.01:648][756]LogBlueprintUserMessages: [ThirdPersonCharacter_C_0] Battle mode:false
[2020.12.01-05.36.01:686][757]LogBlueprintUserMessages: [ThirdPersonCharacter_C_0] Battle mode:false
[2020.12.01-05.36.01:728][758]LogBlueprintUserMessages: [ThirdPersonCharacter_C_0] Battle mode:false
[2020.12.01-05.36.01:767][759]LogBlueprintUserMessages: [ThirdPersonCharacter_C_0] Battle mode:false
[2020.12.01-05.36.01:806][760]LogBlueprintUserMessages: [ThirdPersonCharacter_C_0] Battle mode:false
[2020.12.01-05.36.01:844][761]LogBlueprintUserMessages: [ThirdPersonCharacter_C_0] Battle mode:false
[2020.12.01-05.36.01:883][762]LogBlueprintUserMessages: [ThirdPersonCharacter_C_0] Battle mode:false
[2020.12.01-05.36.01:922][763]LogBlueprintUserMessages: [ThirdPersonCharacter_C_0] Battle mode:false
[2020.12.01-05.36.01:960][764]LogBlueprintUserMessages: [ThirdPersonCharacter_C_0] Battle mode:false
[2020.12.01-05.36.01:999][765]LogBlueprintUserMessages: [ThirdPersonCharacter_C_0] Battle mode:false
[2020.12.01-05.36.02:038][766]LogBlueprintUserMessages: [ThirdPersonCharacter_C_0] Battle mode:false
[2020.12.01-05.36.02:079][767]LogBlueprintUserMessages: [ThirdPersonCharacter_C_0] Battle mode:false
[2020.12.01-05.36.02:119][768]LogBlueprintUserMessages: [ThirdPersonCharacter_C_0] Battle mode:false
[2020.12.01-05.36.02:157][769]LogBlueprintUserMessages: [ThirdPersonCharacter_C_0] Battle mode:false
[2020.12.01-05.36.02:196][770]LogBlueprintUserMessages: [ThirdPersonCharacter_C_0] Battle mode:false
[2020.12.01-05.36.02:234][771]LogBlueprintUserMessages: [ThirdPersonCharacter_C_0] Battle mode:false
[2020.12.01-05.36.02:273][772]LogBlueprintUserMessages: [ThirdPersonCharacter_C_0] Battle mode:false
[2020.12.01-05.36.02:311][773]LogBlueprintUserMessages: [ThirdPersonCharacter_C_0] Battle mode:false
[2020.12.01-05.36.02:349][774]LogWindowsDesktop: Alt-F4 pressed!
[2020.12.01-05.36.02:435][774]LogSlate: Window 'firtTry (64-bit Development PCD3D_SM5) ' being destroyed
[2020.12.01-05.36.02:525][774]LogWindowsTextInputMethodSystem: Display: IME system now deactivated.
[2020.12.01-05.36.02:607][774]LogSlate: Updating window title bar state: overlay mode, drag disabled, window buttons hidden, title bar hidden
[2020.12.01-05.36.02:607][774]LogEngine: All Windows Closed
[2020.12.01-05.36.02:607][774]LogWindows: FPlatformMisc::RequestExit(0)
[2020.12.01-05.36.02:607][774]LogCore: Engine exit requested (reason: Win RequestExit)
[2020.12.01-05.36.02:607][775]LogCore: Engine exit requested (reason: EngineExit() was called; note: exit was already requested)
[2020.12.01-05.36.02:703][775]LogAudio: Display: Shutting down audio device while 2 references to it are still alive. For more information, compile with INSTRUMENT_AUDIODEVICE_HANDLES.
[2020.12.01-05.36.02:759][775]LogInit: Display: PreExit Game.
[2020.12.01-05.36.03:384][775]LogWorld: BeginTearingDown for /Game/ThirdPersonBP/Maps/ThirdPersonExampleMap
[2020.12.01-05.36.03:385][775]LogWorld: UWorld::CleanupWorld for ThirdPersonExampleMap, bSessionEnded=true, bCleanupResources=true
[2020.12.01-05.36.03:386][775]LogSlate: InvalidateAllWidgets triggered.  All widgets were invalidated
[2020.12.01-05.36.04:633][775]LogExit: Preparing to exit.
[2020.12.01-05.36.05:321][775]LogMoviePlayer: Shutting down movie player
[2020.12.01-05.36.05:497][775]LogSlate: Updating window title bar state: overlay mode, drag disabled, window buttons hidden, title bar hidden
[2020.12.01-05.36.05:512][775]LogDemo: Cleaned up 0 splitscreen connections with owner deletion
[2020.12.01-05.36.05:521][775]LogExit: Game engine shut down
[2020.12.01-05.36.06:187][775]LogAISub: UAISubsystem::~UAISubsystem AISubsystem (00000225DE3739C0), frame # 1775
[2020.12.01-05.36.06:187][775]LogAISub: UAISubsystem::~UAISubsystem AIPerceptionSystem (00000225DE389800), frame # 1775
[2020.12.01-05.36.06:329][775]LogAISub: UAISubsystem::~UAISubsystem EnvQueryManager (00000225DE4CAA00), frame # 1775
[2020.12.01-05.36.07:236][775]LogAISub: UAISubsystem::~UAISubsystem EnvQueryManager (00000225848CD400), frame # 1775
[2020.12.01-05.36.07:236][775]LogAISub: UAISubsystem::~UAISubsystem AIPerceptionSystem (00000225EA3C8B80), frame # 1775
[2020.12.01-05.36.07:751][775]LogExit: Object subsystem successfully closed.
[2020.12.01-05.36.08:236][775]LogShaderCompilers: Display: Shaders left to compile 0
[2020.12.01-05.36.09:416][775]LogModuleManager: Shutting down and abandoning module AIModule (504)
[2020.12.01-05.36.09:435][775]LogModuleManager: Shutting down and abandoning module AITestSuite (503)
[2020.12.01-05.36.09:435][775]LogModuleManager: Shutting down and abandoning module NavigationSystem (501)
[2020.12.01-05.36.09:435][775]LogModuleManager: Shutting down and abandoning module GameplayDebugger (498)
[2020.12.01-05.36.09:468][775]LogModuleManager: Shutting down and abandoning module Voice (496)
[2020.12.01-05.36.09:558][775]LogModuleManager: Shutting down and abandoning module SequenceRecorderSections (492)
[2020.12.01-05.36.09:558][775]LogModuleManager: Shutting down and abandoning module SequenceRecorder (490)
[2020.12.01-05.36.09:558][775]LogModuleManager: Shutting down and abandoning module AutomationController (488)
[2020.12.01-05.36.09:573][775]LogModuleManager: Shutting down and abandoning module AutomationWorker (486)
[2020.12.01-05.36.09:623][775]LogModuleManager: Shutting down and abandoning module OculusMR (484)
[2020.12.01-05.36.09:630][775]LogModuleManager: Shutting down and abandoning module WmfMediaFactory (482)
[2020.12.01-05.36.09:630][775]LogModuleManager: Shutting down and abandoning module WebMMediaFactory (480)
[2020.12.01-05.36.09:630][775]LogModuleManager: Shutting down and abandoning module WebMMedia (478)
[2020.12.01-05.36.09:636][775]LogModuleManager: Shutting down and abandoning module OpenExrWrapper (476)
[2020.12.01-05.36.09:636][775]LogModuleManager: Shutting down and abandoning module ImgMediaFactory (474)
[2020.12.01-05.36.09:636][775]LogModuleManager: Shutting down and abandoning module AvfMediaFactory (472)
[2020.12.01-05.36.09:636][775]LogModuleManager: Shutting down and abandoning module MagicLeapMediaCodecFactory (470)
[2020.12.01-05.36.09:636][775]LogModuleManager: Shutting down and abandoning module MagicLeapMediaFactory (468)
[2020.12.01-05.36.09:636][775]LogModuleManager: Shutting down and abandoning module PlanarCut (466)
[2020.12.01-05.36.09:651][775]LogModuleManager: Shutting down and abandoning module CharacterAI (464)
[2020.12.01-05.36.09:651][775]LogModuleManager: Shutting down and abandoning module SessionServices (462)
[2020.12.01-05.36.09:651][775]LogModuleManager: Shutting down and abandoning module MovieSceneCapture (460)
[2020.12.01-05.36.09:652][775]LogModuleManager: Shutting down and abandoning module LiveCoding (458)
[2020.12.01-05.36.09:667][775]LogModuleManager: Shutting down and abandoning module LevelSequence (456)
[2020.12.01-05.36.09:667][775]LogModuleManager: Shutting down and abandoning module MovieSceneTracks (454)
[2020.12.01-05.36.09:667][775]LogModuleManager: Shutting down and abandoning module MovieScene (452)
[2020.12.01-05.36.09:668][775]LogModuleManager: Shutting down and abandoning module StreamingPauseRendering (450)
[2020.12.01-05.36.09:680][775]LogModuleManager: Shutting down and abandoning module PortalServices (448)
[2020.12.01-05.36.09:680][775]LogModuleManager: Shutting down and abandoning module PortalRpc (446)
[2020.12.01-05.36.09:680][775]LogModuleManager: Shutting down and abandoning module MessagingRpc (444)
[2020.12.01-05.36.09:680][775]LogModuleManager: Shutting down and abandoning module AudioMixerXAudio2 (442)
[2020.12.01-05.36.09:680][775]LogModuleManager: Shutting down and abandoning module AudioMixerCore (441)
[2020.12.01-05.36.09:680][775]LogModuleManager: Shutting down and abandoning module ProfilerService (438)
[2020.12.01-05.36.09:768][775]LogModuleManager: Shutting down and abandoning module TaskGraph (436)
[2020.12.01-05.36.09:804][775]LogModuleManager: Shutting down and abandoning module Synthesis (434)
